TpTrace Verbose: 0 : 24632, 1, 2021/09/28, 00:30:25.283, 471291486132, vstest.console.dll, Version: 16.11.0-release-20210626-04
TpTrace Information: 0 : 24632, 1, 2021/09/28, 00:30:25.289, 471291536107, vstest.console.dll, FilePatternParser: The given file C:\Users\isabe\source\repos\CrackingTheCodeInterview\CrakingTheCodeInterview.Test\bin\Debug\net5.0\fine-code-coverage\build-output\CrakingTheCodeInterview.Test.dll is a full path.
TpTrace Verbose: 0 : 24632, 1, 2021/09/28, 00:30:25.293, 471291577524, vstest.console.dll, TestPluginCache.DiscoverTestExtensions: finding test extensions in assemblies ends with: RuntimeProvider.dll TPluginInfo: Microsoft.VisualStudio.TestPlatform.Common.ExtensionFramework.Utilities.TestRuntimePluginInformation TExtension: Microsoft.VisualStudio.TestPlatform.ObjectModel.Host.ITestRuntimeProvider
TpTrace Verbose: 0 : 24632, 1, 2021/09/28, 00:30:25.293, 471291581951, vstest.console.dll, TestPluginCache.GetExtensionPaths: Filtered extension paths: 
TpTrace Verbose: 0 : 24632, 1, 2021/09/28, 00:30:25.294, 471291583022, vstest.console.dll, TestPluginCache.GetExtensionPaths: Added default extension paths: C:\Program Files\dotnet\sdk\5.0.400\Extensions\Microsoft.Diagnostics.NETCore.Client.dll
C:\Program Files\dotnet\sdk\5.0.400\Extensions\Microsoft.TestPlatform.Extensions.BlameDataCollector.dll
C:\Program Files\dotnet\sdk\5.0.400\Extensions\Microsoft.TestPlatform.Extensions.EventLogCollector.dll
C:\Program Files\dotnet\sdk\5.0.400\Extensions\Microsoft.TestPlatform.TestHostRuntimeProvider.dll
C:\Program Files\dotnet\sdk\5.0.400\Extensions\Microsoft.VisualStudio.TestPlatform.Extensions.Html.TestLogger.dll
C:\Program Files\dotnet\sdk\5.0.400\Extensions\Microsoft.VisualStudio.TestPlatform.Extensions.Trx.TestLogger.dll
TpTrace Verbose: 0 : 24632, 1, 2021/09/28, 00:30:25.294, 471291583335, vstest.console.dll, TestPluginCache.GetExtensionPaths: Added unfilterableExtensionPaths: 
TpTrace Information: 0 : 24632, 1, 2021/09/28, 00:30:25.294, 471291589262, vstest.console.dll, AssemblyResolver.ctor: Creating AssemblyResolver with searchDirectories C:\Program Files\dotnet\sdk\5.0.400\Extensions,C:\Program Files\dotnet\sdk\5.0.400
TpTrace Verbose: 0 : 24632, 1, 2021/09/28, 00:30:25.295, 471291594992, vstest.console.dll, TestPluginCache.DiscoverTestExtensions: Discovering the extensions using extension path.
TpTrace Verbose: 0 : 24632, 1, 2021/09/28, 00:30:25.295, 471291595759, vstest.console.dll, TestPluginCache.GetExtensionPaths: Filtered extension paths: 
TpTrace Verbose: 0 : 24632, 1, 2021/09/28, 00:30:25.295, 471291596024, vstest.console.dll, TestPluginCache.GetExtensionPaths: Added default extension paths: C:\Program Files\dotnet\sdk\5.0.400\Extensions\Microsoft.Diagnostics.NETCore.Client.dll
C:\Program Files\dotnet\sdk\5.0.400\Extensions\Microsoft.TestPlatform.Extensions.BlameDataCollector.dll
C:\Program Files\dotnet\sdk\5.0.400\Extensions\Microsoft.TestPlatform.Extensions.EventLogCollector.dll
C:\Program Files\dotnet\sdk\5.0.400\Extensions\Microsoft.TestPlatform.TestHostRuntimeProvider.dll
C:\Program Files\dotnet\sdk\5.0.400\Extensions\Microsoft.VisualStudio.TestPlatform.Extensions.Html.TestLogger.dll
C:\Program Files\dotnet\sdk\5.0.400\Extensions\Microsoft.VisualStudio.TestPlatform.Extensions.Trx.TestLogger.dll
TpTrace Verbose: 0 : 24632, 1, 2021/09/28, 00:30:25.295, 471291596204, vstest.console.dll, TestPluginCache.GetExtensionPaths: Added unfilterableExtensionPaths: 
TpTrace Verbose: 0 : 24632, 1, 2021/09/28, 00:30:25.295, 471291596649, vstest.console.dll, TestPluginCache.DiscoverTestExtensions: Discovering the extensions using allExtensionPaths: C:\Program Files\dotnet\sdk\5.0.400\Extensions\Microsoft.Diagnostics.NETCore.Client.dll
C:\Program Files\dotnet\sdk\5.0.400\Extensions\Microsoft.TestPlatform.Extensions.BlameDataCollector.dll
C:\Program Files\dotnet\sdk\5.0.400\Extensions\Microsoft.TestPlatform.Extensions.EventLogCollector.dll
C:\Program Files\dotnet\sdk\5.0.400\Extensions\Microsoft.TestPlatform.TestHostRuntimeProvider.dll
C:\Program Files\dotnet\sdk\5.0.400\Extensions\Microsoft.VisualStudio.TestPlatform.Extensions.Html.TestLogger.dll
C:\Program Files\dotnet\sdk\5.0.400\Extensions\Microsoft.VisualStudio.TestPlatform.Extensions.Trx.TestLogger.dll
TpTrace Information: 0 : 24632, 1, 2021/09/28, 00:30:25.295, 471291597587, vstest.console.dll, AssemblyResolver.AddSearchDirectories: Adding more searchDirectories C:\Program Files\dotnet\sdk\5.0.400\Extensions,C:\Program Files\dotnet\sdk\5.0.400
TpTrace Information: 0 : 24632, 1, 2021/09/28, 00:30:25.295, 471291598001, vstest.console.dll, AssemblyResolver.AddSearchDirectories: Adding more searchDirectories C:\Program Files\dotnet\sdk\5.0.400\Extensions,C:\Program Files\dotnet\sdk\5.0.400
TpTrace Information: 0 : 24632, 1, 2021/09/28, 00:30:25.295, 471291598216, vstest.console.dll, AssemblyResolver.AddSearchDirectories: Adding more searchDirectories C:\Program Files\dotnet\sdk\5.0.400\Extensions,C:\Program Files\dotnet\sdk\5.0.400
TpTrace Information: 0 : 24632, 1, 2021/09/28, 00:30:25.295, 471291598383, vstest.console.dll, AssemblyResolver.AddSearchDirectories: Adding more searchDirectories C:\Program Files\dotnet\sdk\5.0.400\Extensions,C:\Program Files\dotnet\sdk\5.0.400
TpTrace Information: 0 : 24632, 1, 2021/09/28, 00:30:25.295, 471291598577, vstest.console.dll, AssemblyResolver.AddSearchDirectories: Adding more searchDirectories C:\Program Files\dotnet\sdk\5.0.400\Extensions,C:\Program Files\dotnet\sdk\5.0.400
TpTrace Information: 0 : 24632, 1, 2021/09/28, 00:30:25.295, 471291598743, vstest.console.dll, AssemblyResolver.AddSearchDirectories: Adding more searchDirectories C:\Program Files\dotnet\sdk\5.0.400\Extensions,C:\Program Files\dotnet\sdk\5.0.400
TpTrace Information: 0 : 24632, 1, 2021/09/28, 00:30:25.295, 471291601043, vstest.console.dll, AssemblyResolver.OnResolve: Microsoft.Diagnostics.NETCore.Client: Resolving assembly.
TpTrace Information: 0 : 24632, 1, 2021/09/28, 00:30:25.295, 471291601569, vstest.console.dll, AssemblyResolver.OnResolve: Microsoft.Diagnostics.NETCore.Client: Searching in: 'C:\Program Files\dotnet\sdk\5.0.400\Extensions'.
TpTrace Information: 0 : 24632, 1, 2021/09/28, 00:30:25.296, 471291603806, vstest.console.dll, AssemblyResolver.OnResolve: Microsoft.Diagnostics.NETCore.Client: Loading assembly 'C:\Program Files\dotnet\sdk\5.0.400\Extensions\Microsoft.Diagnostics.NETCore.Client.dll'.
TpTrace Information: 0 : 24632, 1, 2021/09/28, 00:30:25.296, 471291606801, vstest.console.dll, AssemblyResolver.OnResolve: Resolved assembly: Microsoft.Diagnostics.NETCore.Client, from path: C:\Program Files\dotnet\sdk\5.0.400\Extensions\Microsoft.Diagnostics.NETCore.Client.dll
TpTrace Information: 0 : 24632, 1, 2021/09/28, 00:30:25.298, 471291622459, vstest.console.dll, AssemblyResolver.OnResolve: Microsoft.Bcl.AsyncInterfaces: Resolving assembly.
TpTrace Information: 0 : 24632, 1, 2021/09/28, 00:30:25.298, 471291622841, vstest.console.dll, AssemblyResolver.OnResolve: Microsoft.Bcl.AsyncInterfaces: Searching in: 'C:\Program Files\dotnet\sdk\5.0.400\Extensions'.
TpTrace Information: 0 : 24632, 1, 2021/09/28, 00:30:25.298, 471291623483, vstest.console.dll, AssemblyResolver.OnResolve: Microsoft.Bcl.AsyncInterfaces: Assembly path does not exist: 'C:\Program Files\dotnet\sdk\5.0.400\Extensions\Microsoft.Bcl.AsyncInterfaces.dll', returning.
TpTrace Information: 0 : 24632, 1, 2021/09/28, 00:30:25.298, 471291623893, vstest.console.dll, AssemblyResolver.OnResolve: Microsoft.Bcl.AsyncInterfaces: Assembly path does not exist: 'C:\Program Files\dotnet\sdk\5.0.400\Extensions\Microsoft.Bcl.AsyncInterfaces.exe', returning.
TpTrace Information: 0 : 24632, 1, 2021/09/28, 00:30:25.298, 471291624080, vstest.console.dll, AssemblyResolver.OnResolve: Microsoft.Bcl.AsyncInterfaces: Searching in: 'C:\Program Files\dotnet\sdk\5.0.400'.
TpTrace Information: 0 : 24632, 1, 2021/09/28, 00:30:25.298, 471291624527, vstest.console.dll, AssemblyResolver.OnResolve: Microsoft.Bcl.AsyncInterfaces: Assembly path does not exist: 'C:\Program Files\dotnet\sdk\5.0.400\Microsoft.Bcl.AsyncInterfaces.dll', returning.
TpTrace Information: 0 : 24632, 1, 2021/09/28, 00:30:25.298, 471291624939, vstest.console.dll, AssemblyResolver.OnResolve: Microsoft.Bcl.AsyncInterfaces: Assembly path does not exist: 'C:\Program Files\dotnet\sdk\5.0.400\Microsoft.Bcl.AsyncInterfaces.exe', returning.
TpTrace Information: 0 : 24632, 1, 2021/09/28, 00:30:25.298, 471291625345, vstest.console.dll, AssemblyResolver.OnResolve: Microsoft.Bcl.AsyncInterfaces: Failed to load assembly.
TpTrace Verbose: 0 : 24632, 1, 2021/09/28, 00:30:25.298, 471291625623, vstest.console.dll, CurrentDomainAssemblyResolve: Resolving assembly 'Microsoft.Bcl.AsyncInterfaces'.
TpTrace Information: 0 : 24632, 1, 2021/09/28, 00:30:25.298, 471291625988, vstest.console.dll, AssemblyResolver.OnResolve: Microsoft.Bcl.AsyncInterfaces: Resolving assembly.
TpTrace Information: 0 : 24632, 1, 2021/09/28, 00:30:25.298, 471291626213, vstest.console.dll, AssemblyResolver.OnResolve: Microsoft.Bcl.AsyncInterfaces: Resolved from cache.
TpTrace Verbose: 0 : 24632, 1, 2021/09/28, 00:30:25.298, 471291626430, vstest.console.dll, CurrentDomainAssemblyResolve: Resolving assembly 'Microsoft.Bcl.AsyncInterfaces'.
TpTrace Verbose: 0 : 24632, 1, 2021/09/28, 00:30:25.298, 471291626640, vstest.console.dll, CurrentDomainAssemblyResolve: Failed to resolve assembly 'Microsoft.Bcl.AsyncInterfaces'.
TpTrace Verbose: 0 : 24632, 1, 2021/09/28, 00:30:25.299, 471291632872, vstest.console.dll, CurrentDomainAssemblyResolve: Failed to resolve assembly 'Microsoft.Bcl.AsyncInterfaces'.
TpTrace Warning: 0 : 24632, 1, 2021/09/28, 00:30:25.308, 471291724511, vstest.console.dll, TestPluginDiscoverer: Failed to get types from assembly 'Microsoft.Diagnostics.NETCore.Client, Version=0.2.2.41902, Culture=neutral, PublicKeyToken=31bf3856ad364e35'.  Skipping test extension scan for this assembly.  Error: System.Reflection.ReflectionTypeLoadException: Unable to load one or more of the requested types.
Could not load file or assembly 'Microsoft.Bcl.AsyncInterfaces, Version=1.0.0.0, Culture=neutral, PublicKeyToken=cc7b13ffcd2ddd51'. The system cannot find the file specified.
   at System.Reflection.RuntimeModule.GetTypes(RuntimeModule module)
   at System.Reflection.RuntimeModule.GetTypes()
   at System.Reflection.Assembly.GetTypes()
   at Microsoft.VisualStudio.TestPlatform.Common.ExtensionFramework.TestPluginDiscoverer.GetTestExtensionsFromAssembly[TPluginInfo,TExtension](Assembly assembly, Dictionary`2 pluginInfos)
System.IO.FileNotFoundException: Could not load file or assembly 'Microsoft.Bcl.AsyncInterfaces, Version=1.0.0.0, Culture=neutral, PublicKeyToken=cc7b13ffcd2ddd51'. The system cannot find the file specified.
File name: 'Microsoft.Bcl.AsyncInterfaces, Version=1.0.0.0, Culture=neutral, PublicKeyToken=cc7b13ffcd2ddd51'
TpTrace Warning: 0 : 24632, 1, 2021/09/28, 00:30:25.308, 471291725182, vstest.console.dll, LoaderExceptions: System.IO.FileNotFoundException: Could not load file or assembly 'Microsoft.Bcl.AsyncInterfaces, Version=1.0.0.0, Culture=neutral, PublicKeyToken=cc7b13ffcd2ddd51'. The system cannot find the file specified.
File name: 'Microsoft.Bcl.AsyncInterfaces, Version=1.0.0.0, Culture=neutral, PublicKeyToken=cc7b13ffcd2ddd51'
TpTrace Information: 0 : 24632, 1, 2021/09/28, 00:30:25.308, 471291725881, vstest.console.dll, AssemblyResolver.OnResolve: Microsoft.TestPlatform.Extensions.BlameDataCollector: Resolving assembly.
TpTrace Information: 0 : 24632, 1, 2021/09/28, 00:30:25.308, 471291726118, vstest.console.dll, AssemblyResolver.OnResolve: Microsoft.TestPlatform.Extensions.BlameDataCollector: Searching in: 'C:\Program Files\dotnet\sdk\5.0.400\Extensions'.
TpTrace Information: 0 : 24632, 1, 2021/09/28, 00:30:25.308, 471291727599, vstest.console.dll, AssemblyResolver.OnResolve: Microsoft.TestPlatform.Extensions.BlameDataCollector: Loading assembly 'C:\Program Files\dotnet\sdk\5.0.400\Extensions\Microsoft.TestPlatform.Extensions.BlameDataCollector.dll'.
TpTrace Information: 0 : 24632, 1, 2021/09/28, 00:30:25.308, 471291729960, vstest.console.dll, AssemblyResolver.OnResolve: Resolved assembly: Microsoft.TestPlatform.Extensions.BlameDataCollector, from path: C:\Program Files\dotnet\sdk\5.0.400\Extensions\Microsoft.TestPlatform.Extensions.BlameDataCollector.dll
TpTrace Information: 0 : 24632, 1, 2021/09/28, 00:30:25.309, 471291734112, vstest.console.dll, AssemblyResolver.OnResolve: Microsoft.TestPlatform.Extensions.EventLogCollector: Resolving assembly.
TpTrace Information: 0 : 24632, 1, 2021/09/28, 00:30:25.309, 471291734477, vstest.console.dll, AssemblyResolver.OnResolve: Microsoft.TestPlatform.Extensions.EventLogCollector: Searching in: 'C:\Program Files\dotnet\sdk\5.0.400\Extensions'.
TpTrace Information: 0 : 24632, 1, 2021/09/28, 00:30:25.309, 471291735808, vstest.console.dll, AssemblyResolver.OnResolve: Microsoft.TestPlatform.Extensions.EventLogCollector: Loading assembly 'C:\Program Files\dotnet\sdk\5.0.400\Extensions\Microsoft.TestPlatform.Extensions.EventLogCollector.dll'.
TpTrace Information: 0 : 24632, 1, 2021/09/28, 00:30:25.309, 471291737725, vstest.console.dll, AssemblyResolver.OnResolve: Resolved assembly: Microsoft.TestPlatform.Extensions.EventLogCollector, from path: C:\Program Files\dotnet\sdk\5.0.400\Extensions\Microsoft.TestPlatform.Extensions.EventLogCollector.dll
TpTrace Information: 0 : 24632, 1, 2021/09/28, 00:30:25.310, 471291746313, vstest.console.dll, AssemblyResolver.OnResolve: Microsoft.TestPlatform.TestHostRuntimeProvider: Resolving assembly.
TpTrace Information: 0 : 24632, 1, 2021/09/28, 00:30:25.310, 471291746707, vstest.console.dll, AssemblyResolver.OnResolve: Microsoft.TestPlatform.TestHostRuntimeProvider: Searching in: 'C:\Program Files\dotnet\sdk\5.0.400\Extensions'.
TpTrace Information: 0 : 24632, 1, 2021/09/28, 00:30:25.310, 471291748006, vstest.console.dll, AssemblyResolver.OnResolve: Microsoft.TestPlatform.TestHostRuntimeProvider: Loading assembly 'C:\Program Files\dotnet\sdk\5.0.400\Extensions\Microsoft.TestPlatform.TestHostRuntimeProvider.dll'.
TpTrace Information: 0 : 24632, 1, 2021/09/28, 00:30:25.310, 471291750020, vstest.console.dll, AssemblyResolver.OnResolve: Resolved assembly: Microsoft.TestPlatform.TestHostRuntimeProvider, from path: C:\Program Files\dotnet\sdk\5.0.400\Extensions\Microsoft.TestPlatform.TestHostRuntimeProvider.dll
TpTrace Information: 0 : 24632, 1, 2021/09/28, 00:30:25.311, 471291756578, vstest.console.dll, AssemblyResolver.OnResolve: Microsoft.VisualStudio.TestPlatform.Extensions.Html.TestLogger: Resolving assembly.
TpTrace Information: 0 : 24632, 1, 2021/09/28, 00:30:25.311, 471291756967, vstest.console.dll, AssemblyResolver.OnResolve: Microsoft.VisualStudio.TestPlatform.Extensions.Html.TestLogger: Searching in: 'C:\Program Files\dotnet\sdk\5.0.400\Extensions'.
TpTrace Information: 0 : 24632, 1, 2021/09/28, 00:30:25.311, 471291758317, vstest.console.dll, AssemblyResolver.OnResolve: Microsoft.VisualStudio.TestPlatform.Extensions.Html.TestLogger: Loading assembly 'C:\Program Files\dotnet\sdk\5.0.400\Extensions\Microsoft.VisualStudio.TestPlatform.Extensions.Html.TestLogger.dll'.
TpTrace Information: 0 : 24632, 1, 2021/09/28, 00:30:25.311, 471291760304, vstest.console.dll, AssemblyResolver.OnResolve: Resolved assembly: Microsoft.VisualStudio.TestPlatform.Extensions.Html.TestLogger, from path: C:\Program Files\dotnet\sdk\5.0.400\Extensions\Microsoft.VisualStudio.TestPlatform.Extensions.Html.TestLogger.dll
TpTrace Information: 0 : 24632, 1, 2021/09/28, 00:30:25.312, 471291762143, vstest.console.dll, AssemblyResolver.OnResolve: Microsoft.VisualStudio.TestPlatform.Extensions.Trx.TestLogger: Resolving assembly.
TpTrace Information: 0 : 24632, 1, 2021/09/28, 00:30:25.312, 471291762464, vstest.console.dll, AssemblyResolver.OnResolve: Microsoft.VisualStudio.TestPlatform.Extensions.Trx.TestLogger: Searching in: 'C:\Program Files\dotnet\sdk\5.0.400\Extensions'.
TpTrace Information: 0 : 24632, 1, 2021/09/28, 00:30:25.312, 471291763841, vstest.console.dll, AssemblyResolver.OnResolve: Microsoft.VisualStudio.TestPlatform.Extensions.Trx.TestLogger: Loading assembly 'C:\Program Files\dotnet\sdk\5.0.400\Extensions\Microsoft.VisualStudio.TestPlatform.Extensions.Trx.TestLogger.dll'.
TpTrace Information: 0 : 24632, 1, 2021/09/28, 00:30:25.312, 471291766150, vstest.console.dll, AssemblyResolver.OnResolve: Resolved assembly: Microsoft.VisualStudio.TestPlatform.Extensions.Trx.TestLogger, from path: C:\Program Files\dotnet\sdk\5.0.400\Extensions\Microsoft.VisualStudio.TestPlatform.Extensions.Trx.TestLogger.dll
TpTrace Verbose: 0 : 24632, 1, 2021/09/28, 00:30:25.312, 471291769058, vstest.console.dll, TestPluginCache: Discovered the extensions using extension path ''.
TpTrace Verbose: 0 : 24632, 1, 2021/09/28, 00:30:25.312, 471291769442, vstest.console.dll, TestPluginCache: Discoverers are ''.
TpTrace Verbose: 0 : 24632, 1, 2021/09/28, 00:30:25.312, 471291769608, vstest.console.dll, TestPluginCache: Executors are ''.
TpTrace Verbose: 0 : 24632, 1, 2021/09/28, 00:30:25.312, 471291769753, vstest.console.dll, TestPluginCache: Executors2 are ''.
TpTrace Verbose: 0 : 24632, 1, 2021/09/28, 00:30:25.312, 471291769893, vstest.console.dll, TestPluginCache: Setting providers are ''.
TpTrace Verbose: 0 : 24632, 1, 2021/09/28, 00:30:25.312, 471291770032, vstest.console.dll, TestPluginCache: Loggers are ''.
TpTrace Information: 0 : 24632, 1, 2021/09/28, 00:30:25.315, 471291797407, vstest.console.dll, RunTestsArgumentProcessor:Execute: Test run is starting.
TpTrace Verbose: 0 : 24632, 1, 2021/09/28, 00:30:25.315, 471291797778, vstest.console.dll, RunTestsArgumentProcessor:Execute: Queuing Test run.
TpTrace Information: 0 : 24632, 1, 2021/09/28, 00:30:25.315, 471291798826, vstest.console.dll, TestRequestManager.RunTests: run tests started.
TpTrace Information: 0 : 24632, 1, 2021/09/28, 00:30:25.317, 471291817506, vstest.console.dll, AssemblyMetadataProvider.GetFrameWork: Determined framework:'.NETCoreApp,Version=v5.0' for source: 'C:\Users\isabe\source\repos\CrackingTheCodeInterview\CrakingTheCodeInterview.Test\bin\Debug\net5.0\fine-code-coverage\build-output\CrakingTheCodeInterview.Test.dll'
TpTrace Information: 0 : 24632, 1, 2021/09/28, 00:30:25.317, 471291818369, vstest.console.dll, Determined framework for all sources: .NETCoreApp,Version=v5.0
TpTrace Information: 0 : 24632, 1, 2021/09/28, 00:30:25.317, 471291820575, vstest.console.dll, AssemblyMetadataProvider.GetArchitecture: Determined architecture:AnyCPU info for assembly: C:\Users\isabe\source\repos\CrackingTheCodeInterview\CrakingTheCodeInterview.Test\bin\Debug\net5.0\fine-code-coverage\build-output\CrakingTheCodeInterview.Test.dll
TpTrace Information: 0 : 24632, 1, 2021/09/28, 00:30:25.319, 471291832506, vstest.console.dll, Determined platform for all sources: X64
TpTrace Information: 0 : 24632, 1, 2021/09/28, 00:30:25.320, 471291848944, vstest.console.dll, Compatible sources list : 
TpTrace Information: 0 : 24632, 1, 2021/09/28, 00:30:25.320, 471291849406, vstest.console.dll, C:\Users\isabe\source\repos\CrackingTheCodeInterview\CrakingTheCodeInterview.Test\bin\Debug\net5.0\fine-code-coverage\build-output\CrakingTheCodeInterview.Test.dll
TpTrace Information: 0 : 24632, 1, 2021/09/28, 00:30:25.322, 471291862585, vstest.console.dll, InferRunSettingsHelper.IsTestSettingsEnabled: Unable to navigate to RunSettings/MSTest. Current node: RunSettings
TpTrace Information: 0 : 24632, 1, 2021/09/28, 00:30:25.322, 471291866694, vstest.console.dll, AssemblyResolver.OnResolve: Microsoft.VisualStudio.TestPlatform.Fakes: Resolving assembly.
TpTrace Information: 0 : 24632, 1, 2021/09/28, 00:30:25.322, 471291867073, vstest.console.dll, AssemblyResolver.OnResolve: Microsoft.VisualStudio.TestPlatform.Fakes: Searching in: 'C:\Program Files\dotnet\sdk\5.0.400\Extensions'.
TpTrace Information: 0 : 24632, 1, 2021/09/28, 00:30:25.322, 471291867909, vstest.console.dll, AssemblyResolver.OnResolve: Microsoft.VisualStudio.TestPlatform.Fakes: Assembly path does not exist: 'C:\Program Files\dotnet\sdk\5.0.400\Extensions\Microsoft.VisualStudio.TestPlatform.Fakes.dll', returning.
TpTrace Information: 0 : 24632, 1, 2021/09/28, 00:30:25.322, 471291868362, vstest.console.dll, AssemblyResolver.OnResolve: Microsoft.VisualStudio.TestPlatform.Fakes: Assembly path does not exist: 'C:\Program Files\dotnet\sdk\5.0.400\Extensions\Microsoft.VisualStudio.TestPlatform.Fakes.exe', returning.
TpTrace Information: 0 : 24632, 1, 2021/09/28, 00:30:25.322, 471291868574, vstest.console.dll, AssemblyResolver.OnResolve: Microsoft.VisualStudio.TestPlatform.Fakes: Searching in: 'C:\Program Files\dotnet\sdk\5.0.400'.
TpTrace Information: 0 : 24632, 1, 2021/09/28, 00:30:25.322, 471291869046, vstest.console.dll, AssemblyResolver.OnResolve: Microsoft.VisualStudio.TestPlatform.Fakes: Assembly path does not exist: 'C:\Program Files\dotnet\sdk\5.0.400\Microsoft.VisualStudio.TestPlatform.Fakes.dll', returning.
TpTrace Information: 0 : 24632, 1, 2021/09/28, 00:30:25.322, 471291869431, vstest.console.dll, AssemblyResolver.OnResolve: Microsoft.VisualStudio.TestPlatform.Fakes: Assembly path does not exist: 'C:\Program Files\dotnet\sdk\5.0.400\Microsoft.VisualStudio.TestPlatform.Fakes.exe', returning.
TpTrace Information: 0 : 24632, 1, 2021/09/28, 00:30:25.322, 471291869645, vstest.console.dll, AssemblyResolver.OnResolve: Microsoft.VisualStudio.TestPlatform.Fakes: Failed to load assembly.
TpTrace Information: 0 : 24632, 1, 2021/09/28, 00:30:25.323, 471291872126, vstest.console.dll, Failed to create newly implemented Fakes Configurator. Reason:System.IO.FileNotFoundException: Could not load file or assembly 'Microsoft.VisualStudio.TestPlatform.Fakes, Version=16.0.0.0, Culture=neutral, PublicKeyToken=null'. The system cannot find the file specified.
File name: 'Microsoft.VisualStudio.TestPlatform.Fakes, Version=16.0.0.0, Culture=neutral, PublicKeyToken=null'
   at System.Reflection.RuntimeAssembly.InternalLoad(ObjectHandleOnStack assemblyName, ObjectHandleOnStack requestingAssembly, StackCrawlMarkHandle stackMark, Boolean throwOnFileNotFound, ObjectHandleOnStack assemblyLoadContext, ObjectHandleOnStack retAssembly)
   at System.Reflection.RuntimeAssembly.InternalLoad(AssemblyName assemblyName, RuntimeAssembly requestingAssembly, StackCrawlMark& stackMark, Boolean throwOnFileNotFound, AssemblyLoadContext assemblyLoadContext)
   at System.Reflection.Assembly.Load(AssemblyName assemblyRef)
   at Microsoft.VisualStudio.TestPlatform.Common.Utilities.FakesUtilities.TryGetFakesCrossPlatformDataCollectorConfigurator() 
TpTrace Verbose: 0 : 24632, 1, 2021/09/28, 00:30:25.325, 471291895298, vstest.console.dll, TestPluginCache.DiscoverTestExtensions: finding test extensions in assemblies ends with: TestLogger.dll TPluginInfo: Microsoft.VisualStudio.TestPlatform.Common.ExtensionFramework.Utilities.TestLoggerPluginInformation TExtension: Microsoft.VisualStudio.TestPlatform.ObjectModel.Client.ITestLogger
TpTrace Verbose: 0 : 24632, 1, 2021/09/28, 00:30:25.325, 471291895760, vstest.console.dll, TestPluginCache.GetExtensionPaths: Filtered extension paths: 
TpTrace Verbose: 0 : 24632, 1, 2021/09/28, 00:30:25.325, 471291895960, vstest.console.dll, TestPluginCache.GetExtensionPaths: Added default extension paths: C:\Program Files\dotnet\sdk\5.0.400\Extensions\Microsoft.Diagnostics.NETCore.Client.dll
C:\Program Files\dotnet\sdk\5.0.400\Extensions\Microsoft.TestPlatform.Extensions.BlameDataCollector.dll
C:\Program Files\dotnet\sdk\5.0.400\Extensions\Microsoft.TestPlatform.Extensions.EventLogCollector.dll
C:\Program Files\dotnet\sdk\5.0.400\Extensions\Microsoft.TestPlatform.TestHostRuntimeProvider.dll
C:\Program Files\dotnet\sdk\5.0.400\Extensions\Microsoft.VisualStudio.TestPlatform.Extensions.Html.TestLogger.dll
C:\Program Files\dotnet\sdk\5.0.400\Extensions\Microsoft.VisualStudio.TestPlatform.Extensions.Trx.TestLogger.dll
TpTrace Verbose: 0 : 24632, 1, 2021/09/28, 00:30:25.325, 471291896180, vstest.console.dll, TestPluginCache.GetExtensionPaths: Added unfilterableExtensionPaths: 
TpTrace Information: 0 : 24632, 1, 2021/09/28, 00:30:25.325, 471291897109, vstest.console.dll, AssemblyResolver.AddSearchDirectories: Adding more searchDirectories C:\Program Files\dotnet\sdk\5.0.400\Extensions,C:\Program Files\dotnet\sdk\5.0.400
TpTrace Verbose: 0 : 24632, 1, 2021/09/28, 00:30:25.325, 471291897384, vstest.console.dll, TestPluginCache.DiscoverTestExtensions: Discovering the extensions using extension path.
TpTrace Verbose: 0 : 24632, 1, 2021/09/28, 00:30:25.325, 471291897601, vstest.console.dll, TestPluginCache.GetExtensionPaths: Filtered extension paths: 
TpTrace Verbose: 0 : 24632, 1, 2021/09/28, 00:30:25.325, 471291897782, vstest.console.dll, TestPluginCache.GetExtensionPaths: Added default extension paths: C:\Program Files\dotnet\sdk\5.0.400\Extensions\Microsoft.Diagnostics.NETCore.Client.dll
C:\Program Files\dotnet\sdk\5.0.400\Extensions\Microsoft.TestPlatform.Extensions.BlameDataCollector.dll
C:\Program Files\dotnet\sdk\5.0.400\Extensions\Microsoft.TestPlatform.Extensions.EventLogCollector.dll
C:\Program Files\dotnet\sdk\5.0.400\Extensions\Microsoft.TestPlatform.TestHostRuntimeProvider.dll
C:\Program Files\dotnet\sdk\5.0.400\Extensions\Microsoft.VisualStudio.TestPlatform.Extensions.Html.TestLogger.dll
C:\Program Files\dotnet\sdk\5.0.400\Extensions\Microsoft.VisualStudio.TestPlatform.Extensions.Trx.TestLogger.dll
TpTrace Verbose: 0 : 24632, 1, 2021/09/28, 00:30:25.325, 471291897955, vstest.console.dll, TestPluginCache.GetExtensionPaths: Added unfilterableExtensionPaths: 
TpTrace Verbose: 0 : 24632, 1, 2021/09/28, 00:30:25.325, 471291898149, vstest.console.dll, TestPluginCache.DiscoverTestExtensions: Discovering the extensions using allExtensionPaths: C:\Program Files\dotnet\sdk\5.0.400\Extensions\Microsoft.Diagnostics.NETCore.Client.dll
C:\Program Files\dotnet\sdk\5.0.400\Extensions\Microsoft.TestPlatform.Extensions.BlameDataCollector.dll
C:\Program Files\dotnet\sdk\5.0.400\Extensions\Microsoft.TestPlatform.Extensions.EventLogCollector.dll
C:\Program Files\dotnet\sdk\5.0.400\Extensions\Microsoft.TestPlatform.TestHostRuntimeProvider.dll
C:\Program Files\dotnet\sdk\5.0.400\Extensions\Microsoft.VisualStudio.TestPlatform.Extensions.Html.TestLogger.dll
C:\Program Files\dotnet\sdk\5.0.400\Extensions\Microsoft.VisualStudio.TestPlatform.Extensions.Trx.TestLogger.dll
TpTrace Information: 0 : 24632, 1, 2021/09/28, 00:30:25.325, 471291898422, vstest.console.dll, AssemblyResolver.AddSearchDirectories: Adding more searchDirectories C:\Program Files\dotnet\sdk\5.0.400\Extensions,C:\Program Files\dotnet\sdk\5.0.400
TpTrace Information: 0 : 24632, 1, 2021/09/28, 00:30:25.325, 471291898608, vstest.console.dll, AssemblyResolver.AddSearchDirectories: Adding more searchDirectories C:\Program Files\dotnet\sdk\5.0.400\Extensions,C:\Program Files\dotnet\sdk\5.0.400
TpTrace Information: 0 : 24632, 1, 2021/09/28, 00:30:25.325, 471291898770, vstest.console.dll, AssemblyResolver.AddSearchDirectories: Adding more searchDirectories C:\Program Files\dotnet\sdk\5.0.400\Extensions,C:\Program Files\dotnet\sdk\5.0.400
TpTrace Information: 0 : 24632, 1, 2021/09/28, 00:30:25.325, 471291898929, vstest.console.dll, AssemblyResolver.AddSearchDirectories: Adding more searchDirectories C:\Program Files\dotnet\sdk\5.0.400\Extensions,C:\Program Files\dotnet\sdk\5.0.400
TpTrace Information: 0 : 24632, 1, 2021/09/28, 00:30:25.325, 471291899121, vstest.console.dll, AssemblyResolver.AddSearchDirectories: Adding more searchDirectories C:\Program Files\dotnet\sdk\5.0.400\Extensions,C:\Program Files\dotnet\sdk\5.0.400
TpTrace Information: 0 : 24632, 1, 2021/09/28, 00:30:25.325, 471291899281, vstest.console.dll, AssemblyResolver.AddSearchDirectories: Adding more searchDirectories C:\Program Files\dotnet\sdk\5.0.400\Extensions,C:\Program Files\dotnet\sdk\5.0.400
TpTrace Information: 0 : 24632, 1, 2021/09/28, 00:30:25.325, 471291900865, vstest.console.dll, AssemblyResolver.OnResolve: Microsoft.Bcl.AsyncInterfaces: Resolving assembly.
TpTrace Information: 0 : 24632, 1, 2021/09/28, 00:30:25.325, 471291901157, vstest.console.dll, AssemblyResolver.OnResolve: Microsoft.Bcl.AsyncInterfaces: Resolved from cache.
TpTrace Verbose: 0 : 24632, 1, 2021/09/28, 00:30:25.325, 471291901346, vstest.console.dll, CurrentDomainAssemblyResolve: Resolving assembly 'Microsoft.Bcl.AsyncInterfaces'.
TpTrace Information: 0 : 24632, 1, 2021/09/28, 00:30:25.325, 471291901661, vstest.console.dll, AssemblyResolver.OnResolve: Microsoft.Bcl.AsyncInterfaces: Resolving assembly.
TpTrace Information: 0 : 24632, 1, 2021/09/28, 00:30:25.325, 471291901843, vstest.console.dll, AssemblyResolver.OnResolve: Microsoft.Bcl.AsyncInterfaces: Resolved from cache.
TpTrace Verbose: 0 : 24632, 1, 2021/09/28, 00:30:25.326, 471291902021, vstest.console.dll, CurrentDomainAssemblyResolve: Resolving assembly 'Microsoft.Bcl.AsyncInterfaces'.
TpTrace Verbose: 0 : 24632, 1, 2021/09/28, 00:30:25.326, 471291902172, vstest.console.dll, CurrentDomainAssemblyResolve: Failed to resolve assembly 'Microsoft.Bcl.AsyncInterfaces'.
TpTrace Verbose: 0 : 24632, 1, 2021/09/28, 00:30:25.326, 471291903077, vstest.console.dll, CurrentDomainAssemblyResolve: Failed to resolve assembly 'Microsoft.Bcl.AsyncInterfaces'.
TpTrace Warning: 0 : 24632, 1, 2021/09/28, 00:30:25.326, 471291904807, vstest.console.dll, TestPluginDiscoverer: Failed to get types from assembly 'Microsoft.Diagnostics.NETCore.Client, Version=0.2.2.41902, Culture=neutral, PublicKeyToken=31bf3856ad364e35'.  Skipping test extension scan for this assembly.  Error: System.Reflection.ReflectionTypeLoadException: Unable to load one or more of the requested types.
Could not load file or assembly 'Microsoft.Bcl.AsyncInterfaces, Version=1.0.0.0, Culture=neutral, PublicKeyToken=cc7b13ffcd2ddd51'. The system cannot find the file specified.
   at System.Reflection.RuntimeModule.GetTypes(RuntimeModule module)
   at System.Reflection.RuntimeModule.GetTypes()
   at System.Reflection.Assembly.GetTypes()
   at Microsoft.VisualStudio.TestPlatform.Common.ExtensionFramework.TestPluginDiscoverer.GetTestExtensionsFromAssembly[TPluginInfo,TExtension](Assembly assembly, Dictionary`2 pluginInfos)
System.IO.FileNotFoundException: Could not load file or assembly 'Microsoft.Bcl.AsyncInterfaces, Version=1.0.0.0, Culture=neutral, PublicKeyToken=cc7b13ffcd2ddd51'. The system cannot find the file specified.
File name: 'Microsoft.Bcl.AsyncInterfaces, Version=1.0.0.0, Culture=neutral, PublicKeyToken=cc7b13ffcd2ddd51'
TpTrace Warning: 0 : 24632, 1, 2021/09/28, 00:30:25.326, 471291905133, vstest.console.dll, LoaderExceptions: System.IO.FileNotFoundException: Could not load file or assembly 'Microsoft.Bcl.AsyncInterfaces, Version=1.0.0.0, Culture=neutral, PublicKeyToken=cc7b13ffcd2ddd51'. The system cannot find the file specified.
File name: 'Microsoft.Bcl.AsyncInterfaces, Version=1.0.0.0, Culture=neutral, PublicKeyToken=cc7b13ffcd2ddd51'
TpTrace Verbose: 0 : 24632, 1, 2021/09/28, 00:30:25.326, 471291907450, vstest.console.dll, TestPluginCache: Discovered the extensions using extension path ''.
TpTrace Verbose: 0 : 24632, 1, 2021/09/28, 00:30:25.326, 471291907733, vstest.console.dll, TestPluginCache: Discoverers are ''.
TpTrace Verbose: 0 : 24632, 1, 2021/09/28, 00:30:25.326, 471291907884, vstest.console.dll, TestPluginCache: Executors are ''.
TpTrace Verbose: 0 : 24632, 1, 2021/09/28, 00:30:25.326, 471291908055, vstest.console.dll, TestPluginCache: Executors2 are ''.
TpTrace Verbose: 0 : 24632, 1, 2021/09/28, 00:30:25.326, 471291908198, vstest.console.dll, TestPluginCache: Setting providers are ''.
TpTrace Verbose: 0 : 24632, 1, 2021/09/28, 00:30:25.326, 471291908603, vstest.console.dll, TestPluginCache: Loggers are 'logger://Microsoft/TestPlatform/Extensions/Blame/v1,logger://Microsoft/TestPlatform/HtmlLogger/v1,logger://Microsoft/TestPlatform/TrxLogger/v1'.
TpTrace Information: 0 : 24632, 1, 2021/09/28, 00:30:25.327, 471291912639, vstest.console.dll, TestPluginManager.CreateTestExtension: Attempting to load test extension: Microsoft.TestPlatform.Extensions.BlameDataCollector.BlameLogger
TpTrace Information: 0 : 24632, 1, 2021/09/28, 00:30:25.332, 471291964806, vstest.console.dll, TestPluginManager.CreateTestExtension: Attempting to load test extension: Microsoft.VisualStudio.TestPlatform.CrossPlatEngine.Hosting.DefaultTestHostManager
TpTrace Information: 0 : 24632, 1, 2021/09/28, 00:30:25.332, 471291966188, vstest.console.dll, TestPluginManager.CreateTestExtension: Attempting to load test extension: Microsoft.VisualStudio.TestPlatform.CrossPlatEngine.Hosting.DotnetTestHostManager
TpTrace Verbose: 0 : 24632, 1, 2021/09/28, 00:30:25.332, 471291969637, vstest.console.dll, TestEngine: Initializing Parallel Execution as MaxCpuCount is set to: 1
TpTrace Information: 0 : 24632, 1, 2021/09/28, 00:30:25.333, 471291972705, vstest.console.dll, InferRunSettingsHelper.IsTestSettingsEnabled: Unable to navigate to RunSettings/MSTest. Current node: RunSettings
TpTrace Verbose: 0 : 24632, 1, 2021/09/28, 00:30:25.340, 471292048371, vstest.console.dll, TestRequestSender is acting as server
TpTrace Verbose: 0 : 24632, 4, 2021/09/28, 00:30:25.342, 471292069575, vstest.console.dll, DataCollectionRequestSender.InitializeCommunication : Initialize communication. 
TpTrace Information: 0 : 24632, 4, 2021/09/28, 00:30:25.349, 471292139314, vstest.console.dll, Listening on Endpoint : 127.0.0.1:58313
TpTrace Verbose: 0 : 24632, 4, 2021/09/28, 00:30:25.357, 471292212063, vstest.console.dll, DotnetDataCollectionLauncher: Full path of dotnet.exe is C:\Program Files\dotnet\dotnet.exe
TpTrace Verbose: 0 : 24632, 4, 2021/09/28, 00:30:25.357, 471292213194, vstest.console.dll, DotnetDataCollectionLauncher: Adding  --runtimeconfig "C:\Program Files\dotnet\sdk\5.0.400\datacollector.runtimeconfig.json" in args
TpTrace Verbose: 0 : 24632, 4, 2021/09/28, 00:30:25.357, 471292213760, vstest.console.dll, DotnetDataCollectionLauncher: Adding  --depsfile "C:\Program Files\dotnet\sdk\5.0.400\datacollector.deps.json" in args
TpTrace Information: 0 : 24632, 4, 2021/09/28, 00:30:25.362, 471292263079, vstest.console.dll, ProxyDataCollectionManager.Initialize: Launched datacollector processId: 18524 port: 58313
TpTrace Information: 0 : 24632, 4, 2021/09/28, 00:30:25.362, 471292264014, vstest.console.dll, ProxyDataCollectionManager.Initialize: waiting for connection with timeout: 90 seconds
TpTrace Verbose: 0 : 24632, 4, 2021/09/28, 00:30:25.362, 471292264339, vstest.console.dll, DataCollectionRequestSender.WaitForRequestHandlerConnection : Waiting for connection with timeout: 90000
TpTrace Information: 0 : 24632, 7, 2021/09/28, 00:30:25.466, 471293306914, vstest.console.dll, Using the buffer size of 16384 bytes
TpTrace Verbose: 0 : 24632, 4, 2021/09/28, 00:30:25.466, 471293307552, vstest.console.dll, ProxyDataCollectionManager.InvokeDataCollectionServiceAction: Starting.
TpTrace Information: 0 : 24632, 7, 2021/09/28, 00:30:25.466, 471293307755, vstest.console.dll, Accepted Client request and set the flag
TpTrace Information: 0 : 24632, 4, 2021/09/28, 00:30:25.466, 471293308694, vstest.console.dll, ProxyDataCollectionManager.BeforeTestRunStart: Get environment variable and port for datacollector processId: 18524 port: 58313
TpTrace Verbose: 0 : 24632, 4, 2021/09/28, 00:30:25.466, 471293309537, vstest.console.dll, DataCollectionRequestSender.SendBeforeTestRunStartAndGetResult : Send BeforeTestRunStart message with settingsXml <RunSettings><RunConfiguration><ResultsDirectory>C:\Users\isabe\source\repos\CrackingTheCodeInterview\CrakingTheCodeInterview.Test\bin\Debug\net5.0\fine-code-coverage\coverage-tool-output</ResultsDirectory><TargetPlatform>X64</TargetPlatform><TargetFrameworkVersion>.NETCoreApp,Version=v5.0</TargetFrameworkVersion><DesignMode>False</DesignMode><CollectSourceInformation>False</CollectSourceInformation><TestAdaptersPaths>C:\Program Files\dotnet\sdk\5.0.400\Extensions</TestAdaptersPaths></RunConfiguration><LoggerRunSettings><Loggers><Logger friendlyName="blame" enabled="True" /><Logger friendlyName="Console" uri="logger://microsoft/TestPlatform/ConsoleLogger/v1" assemblyQualifiedName="Microsoft.VisualStudio.TestPlatform.CommandLine.Internal.ConsoleLogger, vstest.console, Version=15.0.0.0, Culture=neutral, PublicKeyToken=b03f5f7f11d50a3a" codeBase="C:\Program Files\dotnet\sdk\5.0.400\vstest.console.dll" enabled="True" /></Loggers></LoggerRunSettings><DataCollectionRunSettings><DataCollectors><DataCollector friendlyName="blame" enabled="True"><Configuration><ResultsDirectory>C:\Users\isabe\source\repos\CrackingTheCodeInterview\CrakingTheCodeInterview.Test\bin\Debug\net5.0\fine-code-coverage\coverage-tool-output</ResultsDirectory></Configuration></DataCollector></DataCollectors></DataCollectionRunSettings></RunSettings> and sources System.Linq.Enumerable+Concat2Iterator`1[System.String]: 
TpTrace Verbose: 0 : 24632, 4, 2021/09/28, 00:30:25.510, 471293743098, vstest.console.dll, DataCollectionRequestSender.SendBeforeTestRunStartAndGetResult : Received message: (DataCollection.SendMessage) -> {
  "FriendlyName": null,
  "Uri": null,
  "TestCaseId": "00000000-0000-0000-0000-000000000000",
  "Message": "Logging DataCollector Diagnostics in file: C:\\Users\\isabe\\source\\repos\\CrackingTheCodeInterview\\CrakingTheCodeInterview.Test\\bin\\Debug\\net5.0\\fine-code-coverage\\coverage-tool-output\\diagnostics.datacollector.21-09-28_00-30-25_35374_4.log",
  "Level": 0
}
TpTrace Verbose: 0 : 24632, 4, 2021/09/28, 00:30:25.548, 471294131593, vstest.console.dll, DataCollectionRequestSender.SendBeforeTestRunStartAndGetResult : Received message: (DataCollection.BeforeTestRunStartResult) -> {
  "EnvironmentVariables": {},
  "DataCollectionEventsPort": 58315
}
TpTrace Information: 0 : 24632, 4, 2021/09/28, 00:30:25.551, 471294156852, vstest.console.dll, ProxyDataCollectionManager.BeforeTestRunStart: SendBeforeTestRunStartAndGetResult successful, env variable from datacollector:   and testhost port: 58315
TpTrace Information: 0 : 24632, 4, 2021/09/28, 00:30:25.551, 471294157289, vstest.console.dll, ProxyDataCollectionManager.InvokeDataCollectionServiceAction: Completed.
TpTrace Verbose: 0 : 24632, 1, 2021/09/28, 00:30:25.551, 471294158731, vstest.console.dll, TestRunRequest.ExecuteAsync: Creating test run request.
TpTrace Verbose: 0 : 24632, 1, 2021/09/28, 00:30:25.551, 471294161538, vstest.console.dll, TestRunRequest.ExecuteAsync: Starting.
TpTrace Information: 0 : 24632, 1, 2021/09/28, 00:30:25.552, 471294163895, vstest.console.dll, TestRunRequest.ExecuteAsync: Starting run with settings:TestRunCriteria:
   KeepAlive=False,FrequencyOfRunStatsChangeEvent=10,RunStatsChangeEventTimeout=00:00:01.5000000,TestCaseFilter=,TestExecutorLauncher=
   Settingsxml=<RunSettings>
  <RunConfiguration>
    <ResultsDirectory>C:\Users\isabe\source\repos\CrackingTheCodeInterview\CrakingTheCodeInterview.Test\bin\Debug\net5.0\fine-code-coverage\coverage-tool-output</ResultsDirectory>
    <TargetPlatform>X64</TargetPlatform>
    <TargetFrameworkVersion>.NETCoreApp,Version=v5.0</TargetFrameworkVersion>
    <DesignMode>False</DesignMode>
    <CollectSourceInformation>False</CollectSourceInformation>
  </RunConfiguration>
  <LoggerRunSettings>
    <Loggers>
      <Logger friendlyName="blame" enabled="True" />
      <Logger friendlyName="Console" uri="logger://microsoft/TestPlatform/ConsoleLogger/v1" assemblyQualifiedName="Microsoft.VisualStudio.TestPlatform.CommandLine.Internal.ConsoleLogger, vstest.console, Version=15.0.0.0, Culture=neutral, PublicKeyToken=b03f5f7f11d50a3a" codeBase="C:\Program Files\dotnet\sdk\5.0.400\vstest.console.dll" enabled="True" />
    </Loggers>
  </LoggerRunSettings>
  <DataCollectionRunSettings>
    <DataCollectors>
      <DataCollector friendlyName="blame" enabled="True">
        <Configuration>
          <ResultsDirectory>C:\Users\isabe\source\repos\CrackingTheCodeInterview\CrakingTheCodeInterview.Test\bin\Debug\net5.0\fine-code-coverage\coverage-tool-output</ResultsDirectory>
        </Configuration>
      </DataCollector>
    </DataCollectors>
  </DataCollectionRunSettings>
</RunSettings>

TpTrace Verbose: 0 : 24632, 1, 2021/09/28, 00:30:25.552, 471294164274, vstest.console.dll, TestRunRequest.ExecuteAsync: Wait for the first run request is over.
TpTrace Verbose: 0 : 24632, 1, 2021/09/28, 00:30:25.552, 471294167750, vstest.console.dll, ParallelProxyExecutionManager: Start execution. Total sources: 1
TpTrace Information: 0 : 24632, 1, 2021/09/28, 00:30:25.552, 471294171936, vstest.console.dll, ProxyParallelExecutionManager: Triggering test run for next source: C:\Users\isabe\source\repos\CrackingTheCodeInterview\CrakingTheCodeInterview.Test\bin\Debug\net5.0\fine-code-coverage\build-output\CrakingTheCodeInterview.Test.dll
TpTrace Verbose: 0 : 24632, 4, 2021/09/28, 00:30:25.553, 471294173359, vstest.console.dll, ParallelProxyExecutionManager: Execution started. Started clients: 1
TpTrace Verbose: 0 : 24632, 1, 2021/09/28, 00:30:25.553, 471294173640, vstest.console.dll, ProxyParallelExecutionManager: No sources available for execution.
TpTrace Information: 0 : 24632, 1, 2021/09/28, 00:30:25.553, 471294174044, vstest.console.dll, TestRunRequest.ExecuteAsync: Started.
TpTrace Verbose: 0 : 24632, 1, 2021/09/28, 00:30:25.553, 471294174455, vstest.console.dll, TestRunRequest.WaitForCompletion: Waiting with timeout -1.
TpTrace Verbose: 0 : 24632, 4, 2021/09/28, 00:30:25.553, 471294175389, vstest.console.dll, TestRunRequest:SendTestRunMessage: Starting.
TpTrace Information: 0 : 24632, 4, 2021/09/28, 00:30:25.553, 471294176184, vstest.console.dll, TestRunRequest:SendTestRunMessage: Completed.
TpTrace Verbose: 0 : 24632, 4, 2021/09/28, 00:30:25.553, 471294177447, vstest.console.dll, ProxyExecutionManager: Test host is always Lazy initialize.
TpTrace Verbose: 0 : 24632, 4, 2021/09/28, 00:30:25.553, 471294179235, vstest.console.dll, TestRequestSender.InitializeCommunication: initialize communication. 
TpTrace Information: 0 : 24632, 4, 2021/09/28, 00:30:25.554, 471294183497, vstest.console.dll, SocketServer.Start: Listening on endpoint : 127.0.0.1:58316
TpTrace Verbose: 0 : 24632, 4, 2021/09/28, 00:30:25.554, 471294188664, vstest.console.dll, DotnetTestHostmanager: Adding  --runtimeconfig "C:\Users\isabe\source\repos\CrackingTheCodeInterview\CrakingTheCodeInterview.Test\bin\Debug\net5.0\fine-code-coverage\build-output\CrakingTheCodeInterview.Test.runtimeconfig.json" in args
TpTrace Verbose: 0 : 24632, 4, 2021/09/28, 00:30:25.554, 471294189347, vstest.console.dll, DotnetTestHostmanager: Adding  --depsfile "C:\Users\isabe\source\repos\CrackingTheCodeInterview\CrakingTheCodeInterview.Test\bin\Debug\net5.0\fine-code-coverage\build-output\CrakingTheCodeInterview.Test.deps.json" in args
TpTrace Verbose: 0 : 24632, 4, 2021/09/28, 00:30:25.554, 471294190843, vstest.console.dll, DotnetTestHostManager: Testhost.exe/testhost.x86.exe found at path: C:\Users\isabe\source\repos\CrackingTheCodeInterview\CrakingTheCodeInterview.Test\bin\Debug\net5.0\fine-code-coverage\build-output\testhost.exe
TpTrace Verbose: 0 : 24632, 4, 2021/09/28, 00:30:25.554, 471294191144, vstest.console.dll, DotnetTestHostmanager: Full path of host exe is C:\Users\isabe\source\repos\CrackingTheCodeInterview\CrakingTheCodeInterview.Test\bin\Debug\net5.0\fine-code-coverage\build-output\testhost.exe
TpTrace Verbose: 0 : 24632, 6, 2021/09/28, 00:30:25.555, 471294196993, vstest.console.dll, DotnetTestHostManager: Starting process 'C:\Users\isabe\source\repos\CrackingTheCodeInterview\CrakingTheCodeInterview.Test\bin\Debug\net5.0\fine-code-coverage\build-output\testhost.exe' with command line ' --runtimeconfig "C:\Users\isabe\source\repos\CrackingTheCodeInterview\CrakingTheCodeInterview.Test\bin\Debug\net5.0\fine-code-coverage\build-output\CrakingTheCodeInterview.Test.runtimeconfig.json" --depsfile "C:\Users\isabe\source\repos\CrackingTheCodeInterview\CrakingTheCodeInterview.Test\bin\Debug\net5.0\fine-code-coverage\build-output\CrakingTheCodeInterview.Test.deps.json" --port 58316 --endpoint 127.0.0.1:058316 --role client --parentprocessid 24632 --diag "C:\Users\isabe\source\repos\CrackingTheCodeInterview\CrakingTheCodeInterview.Test\bin\Debug\net5.0\fine-code-coverage\coverage-tool-output\diagnostics.host.21-09-28_00-30-25_55435_4.log" --tracelevel 4 --datacollectionport 58315 --telemetryoptedin false'
TpTrace Verbose: 0 : 24632, 6, 2021/09/28, 00:30:25.558, 471294226296, vstest.console.dll, Test Runtime launched
TpTrace Verbose: 0 : 24632, 4, 2021/09/28, 00:30:25.558, 471294229968, vstest.console.dll, TestRequestSender.WaitForRequestHandlerConnection: waiting for connection with timeout: 90000
TpTrace Verbose: 0 : 24632, 6, 2021/09/28, 00:30:25.668, 471295326405, vstest.console.dll, SocketServer.OnClientConnected: Client connected for endPoint: 127.0.0.1:58316, starting MessageLoopAsync:
TpTrace Verbose: 0 : 24632, 14, 2021/09/28, 00:30:25.668, 471295328972, vstest.console.dll, TcpClientExtensions.MessageLoopAsync: Polling on remoteEndPoint: 127.0.0.1:58317 localEndPoint: 127.0.0.1:58316
TpTrace Verbose: 0 : 24632, 14, 2021/09/28, 00:30:25.758, 471296229280, vstest.console.dll, TcpClientExtensions.MessageLoopAsync: NotifyDataAvailable remoteEndPoint: 127.0.0.1:58317 localEndPoint: 127.0.0.1:58316
TpTrace Verbose: 0 : 24632, 14, 2021/09/28, 00:30:25.758, 471296231579, vstest.console.dll, TestRequestSender.CheckVersionWithTestHost: onMessageReceived received message: (ProtocolVersion) -> 5
TpTrace Verbose: 0 : 24632, 14, 2021/09/28, 00:30:25.759, 471296234618, vstest.console.dll, TcpClientExtensions.MessageLoopAsync: Polling on remoteEndPoint: 127.0.0.1:58317 localEndPoint: 127.0.0.1:58316
TpTrace Verbose: 0 : 24632, 4, 2021/09/28, 00:30:25.759, 471296235973, vstest.console.dll, TestPluginCache.GetExtensionPaths: Filtered extension paths: 
TpTrace Verbose: 0 : 24632, 4, 2021/09/28, 00:30:25.759, 471296236765, vstest.console.dll, TestPluginCache.GetExtensionPaths: Added default extension paths: C:\Program Files\dotnet\sdk\5.0.400\Extensions\Microsoft.Diagnostics.NETCore.Client.dll
C:\Program Files\dotnet\sdk\5.0.400\Extensions\Microsoft.TestPlatform.Extensions.BlameDataCollector.dll
C:\Program Files\dotnet\sdk\5.0.400\Extensions\Microsoft.TestPlatform.Extensions.EventLogCollector.dll
C:\Program Files\dotnet\sdk\5.0.400\Extensions\Microsoft.TestPlatform.TestHostRuntimeProvider.dll
C:\Program Files\dotnet\sdk\5.0.400\Extensions\Microsoft.VisualStudio.TestPlatform.Extensions.Html.TestLogger.dll
C:\Program Files\dotnet\sdk\5.0.400\Extensions\Microsoft.VisualStudio.TestPlatform.Extensions.Trx.TestLogger.dll
TpTrace Verbose: 0 : 24632, 4, 2021/09/28, 00:30:25.759, 471296237002, vstest.console.dll, TestPluginCache.GetExtensionPaths: Added unfilterableExtensionPaths: 
TpTrace Verbose: 0 : 24632, 4, 2021/09/28, 00:30:25.761, 471296259382, vstest.console.dll, TestRequestSender.InitializeExecution: Sending initializing execution with message: {"Version":5,"MessageType":"TestExecution.Initialize","Payload":["C:\\Users\\isabe\\source\\repos\\CrackingTheCodeInterview\\CrakingTheCodeInterview.Test\\bin\\Debug\\net5.0\\fine-code-coverage\\build-output\\xunit.runner.visualstudio.dotnetcore.testadapter.dll"]}
TpTrace Verbose: 0 : 24632, 14, 2021/09/28, 00:30:25.765, 471296292053, vstest.console.dll, TcpClientExtensions.MessageLoopAsync: NotifyDataAvailable remoteEndPoint: 127.0.0.1:58317 localEndPoint: 127.0.0.1:58316
TpTrace Verbose: 0 : 24632, 14, 2021/09/28, 00:30:25.765, 471296292793, vstest.console.dll, TestRequestSender.OnExecutionMessageReceived: Received message: {"Version":5,"MessageType":"TestSession.Message","Payload":{"MessageLevel":0,"Message":"Logging TestHost Diagnostics in file: C:\\Users\\isabe\\source\\repos\\CrackingTheCodeInterview\\CrakingTheCodeInterview.Test\\bin\\Debug\\net5.0\\fine-code-coverage\\coverage-tool-output\\diagnostics.host.21-09-28_00-30-25_55435_4.log"}}
TpTrace Verbose: 0 : 24632, 14, 2021/09/28, 00:30:25.766, 471296304055, vstest.console.dll, TestRunRequest:SendTestRunMessage: Starting.
TpTrace Information: 0 : 24632, 14, 2021/09/28, 00:30:25.766, 471296304588, vstest.console.dll, TestRunRequest:SendTestRunMessage: Completed.
TpTrace Verbose: 0 : 24632, 14, 2021/09/28, 00:30:25.766, 471296304805, vstest.console.dll, TcpClientExtensions.MessageLoopAsync: Polling on remoteEndPoint: 127.0.0.1:58317 localEndPoint: 127.0.0.1:58316
TpTrace Verbose: 0 : 24632, 4, 2021/09/28, 00:30:25.766, 471296309813, vstest.console.dll, TestRequestSender.StartTestRun: Sending test run with message: {"Version":5,"MessageType":"TestExecution.StartWithSources","Payload":{"AdapterSourceMap":{"_none_":["C:\\Users\\isabe\\source\\repos\\CrackingTheCodeInterview\\CrakingTheCodeInterview.Test\\bin\\Debug\\net5.0\\fine-code-coverage\\build-output\\CrakingTheCodeInterview.Test.dll"]},"RunSettings":"<RunSettings>\r\n  <RunConfiguration>\r\n    <ResultsDirectory>C:\\Users\\isabe\\source\\repos\\CrackingTheCodeInterview\\CrakingTheCodeInterview.Test\\bin\\Debug\\net5.0\\fine-code-coverage\\coverage-tool-output</ResultsDirectory>\r\n    <TargetPlatform>X64</TargetPlatform>\r\n    <TargetFrameworkVersion>.NETCoreApp,Version=v5.0</TargetFrameworkVersion>\r\n    <DesignMode>False</DesignMode>\r\n    <CollectSourceInformation>False</CollectSourceInformation>\r\n  </RunConfiguration>\r\n  <LoggerRunSettings>\r\n    <Loggers>\r\n      <Logger friendlyName=\"blame\" enabled=\"True\" />\r\n      <Logger friendlyName=\"Console\" uri=\"logger://microsoft/TestPlatform/ConsoleLogger/v1\" assemblyQualifiedName=\"Microsoft.VisualStudio.TestPlatform.CommandLine.Internal.ConsoleLogger, vstest.console, Version=15.0.0.0, Culture=neutral, PublicKeyToken=b03f5f7f11d50a3a\" codeBase=\"C:\\Program Files\\dotnet\\sdk\\5.0.400\\vstest.console.dll\" enabled=\"True\" />\r\n    </Loggers>\r\n  </LoggerRunSettings>\r\n  <DataCollectionRunSettings>\r\n    <DataCollectors>\r\n      <DataCollector friendlyName=\"blame\" enabled=\"True\">\r\n        <Configuration>\r\n          <ResultsDirectory>C:\\Users\\isabe\\source\\repos\\CrackingTheCodeInterview\\CrakingTheCodeInterview.Test\\bin\\Debug\\net5.0\\fine-code-coverage\\coverage-tool-output</ResultsDirectory>\r\n        </Configuration>\r\n      </DataCollector>\r\n    </DataCollectors>\r\n  </DataCollectionRunSettings>\r\n</RunSettings>","TestExecutionContext":{"FrequencyOfRunStatsChangeEvent":10,"RunStatsChangeEventTimeout":"00:00:01.5000000","InIsolation":false,"KeepAlive":false,"AreTestCaseLevelEventsRequired":false,"IsDebug":false,"TestCaseFilter":null,"FilterOptions":null},"Package":null}}
TpTrace Verbose: 0 : 24632, 14, 2021/09/28, 00:30:25.859, 471297234770, vstest.console.dll, TcpClientExtensions.MessageLoopAsync: NotifyDataAvailable remoteEndPoint: 127.0.0.1:58317 localEndPoint: 127.0.0.1:58316
TpTrace Verbose: 0 : 24632, 14, 2021/09/28, 00:30:25.859, 471297236139, vstest.console.dll, TestRequestSender.OnExecutionMessageReceived: Received message: {"Version":5,"MessageType":"TestSession.Message","Payload":{"MessageLevel":0,"Message":"[xUnit.net 00:00:00.00] xUnit.net VSTest Adapter v2.4.3+1b45f5407b (64-bit .NET 5.0.9)"}}
TpTrace Verbose: 0 : 24632, 14, 2021/09/28, 00:30:25.859, 471297237994, vstest.console.dll, TestRunRequest:SendTestRunMessage: Starting.
TpTrace Information: 0 : 24632, 14, 2021/09/28, 00:30:25.859, 471297238480, vstest.console.dll, TestRunRequest:SendTestRunMessage: Completed.
TpTrace Verbose: 0 : 24632, 14, 2021/09/28, 00:30:25.859, 471297238703, vstest.console.dll, TcpClientExtensions.MessageLoopAsync: Polling on remoteEndPoint: 127.0.0.1:58317 localEndPoint: 127.0.0.1:58316
TpTrace Verbose: 0 : 24632, 14, 2021/09/28, 00:30:26.086, 471299502553, vstest.console.dll, TcpClientExtensions.MessageLoopAsync: NotifyDataAvailable remoteEndPoint: 127.0.0.1:58317 localEndPoint: 127.0.0.1:58316
TpTrace Verbose: 0 : 24632, 14, 2021/09/28, 00:30:26.086, 471299504190, vstest.console.dll, TestRequestSender.OnExecutionMessageReceived: Received message: {"Version":5,"MessageType":"TestSession.Message","Payload":{"MessageLevel":0,"Message":"[xUnit.net 00:00:00.23]   Discovering: CrakingTheCodeInterview.Test"}}
TpTrace Verbose: 0 : 24632, 14, 2021/09/28, 00:30:26.086, 471299506518, vstest.console.dll, TestRunRequest:SendTestRunMessage: Starting.
TpTrace Information: 0 : 24632, 14, 2021/09/28, 00:30:26.086, 471299506997, vstest.console.dll, TestRunRequest:SendTestRunMessage: Completed.
TpTrace Verbose: 0 : 24632, 14, 2021/09/28, 00:30:26.086, 471299507209, vstest.console.dll, TcpClientExtensions.MessageLoopAsync: Polling on remoteEndPoint: 127.0.0.1:58317 localEndPoint: 127.0.0.1:58316
TpTrace Verbose: 0 : 24632, 14, 2021/09/28, 00:30:26.122, 471299868827, vstest.console.dll, TcpClientExtensions.MessageLoopAsync: NotifyDataAvailable remoteEndPoint: 127.0.0.1:58317 localEndPoint: 127.0.0.1:58316
TpTrace Verbose: 0 : 24632, 14, 2021/09/28, 00:30:26.122, 471299869943, vstest.console.dll, TestRequestSender.OnExecutionMessageReceived: Received message: {"Version":5,"MessageType":"TestSession.Message","Payload":{"MessageLevel":0,"Message":"[xUnit.net 00:00:00.26]   Discovered:  CrakingTheCodeInterview.Test"}}
TpTrace Verbose: 0 : 24632, 14, 2021/09/28, 00:30:26.122, 471299871721, vstest.console.dll, TestRunRequest:SendTestRunMessage: Starting.
TpTrace Information: 0 : 24632, 14, 2021/09/28, 00:30:26.123, 471299872186, vstest.console.dll, TestRunRequest:SendTestRunMessage: Completed.
TpTrace Verbose: 0 : 24632, 14, 2021/09/28, 00:30:26.123, 471299873315, vstest.console.dll, TcpClientExtensions.MessageLoopAsync: Polling on remoteEndPoint: 127.0.0.1:58317 localEndPoint: 127.0.0.1:58316
TpTrace Verbose: 0 : 24632, 14, 2021/09/28, 00:30:26.124, 471299882354, vstest.console.dll, TcpClientExtensions.MessageLoopAsync: NotifyDataAvailable remoteEndPoint: 127.0.0.1:58317 localEndPoint: 127.0.0.1:58316
TpTrace Verbose: 0 : 24632, 14, 2021/09/28, 00:30:26.124, 471299882723, vstest.console.dll, TestRequestSender.OnExecutionMessageReceived: Received message: {"Version":5,"MessageType":"TestSession.Message","Payload":{"MessageLevel":0,"Message":"[xUnit.net 00:00:00.27]   Starting:    CrakingTheCodeInterview.Test"}}
TpTrace Verbose: 0 : 24632, 14, 2021/09/28, 00:30:26.124, 471299883670, vstest.console.dll, TestRunRequest:SendTestRunMessage: Starting.
TpTrace Information: 0 : 24632, 14, 2021/09/28, 00:30:26.124, 471299884006, vstest.console.dll, TestRunRequest:SendTestRunMessage: Completed.
TpTrace Verbose: 0 : 24632, 14, 2021/09/28, 00:30:26.124, 471299884188, vstest.console.dll, TcpClientExtensions.MessageLoopAsync: Polling on remoteEndPoint: 127.0.0.1:58317 localEndPoint: 127.0.0.1:58316
TpTrace Verbose: 0 : 24632, 14, 2021/09/28, 00:30:27.128, 471309929670, vstest.console.dll, TcpClientExtensions.MessageLoopAsync: Polling on remoteEndPoint: 127.0.0.1:58317 localEndPoint: 127.0.0.1:58316
TpTrace Verbose: 0 : 24632, 14, 2021/09/28, 00:30:27.341, 471312058649, vstest.console.dll, TcpClientExtensions.MessageLoopAsync: NotifyDataAvailable remoteEndPoint: 127.0.0.1:58317 localEndPoint: 127.0.0.1:58316
TpTrace Verbose: 0 : 24632, 14, 2021/09/28, 00:30:27.341, 471312060846, vstest.console.dll, TestRequestSender.OnExecutionMessageReceived: Received message: {"Version":5,"MessageType":"TestExecution.StatsChange","Payload":{"NewTestResults":[{"TestCase":{"Id":"79f3721f-b7ba-df71-2e13-800393e71d7f","FullyQualifiedName":"CrakingTheCodeInterview.Test.Chapter_1___Arrays_and_String.Question1.Solution3NoAdditionalStructure","DisplayName":"CrakingTheCodeInterview.Test.Chapter_1___Arrays_and_String.Question1.Solution3NoAdditionalStructure","ExecutorUri":"executor://xunit/VsTestRunner2/netcoreapp","Source":"C:\\Users\\isabe\\source\\repos\\CrackingTheCodeInterview\\CrakingTheCodeInterview.Test\\bin\\Debug\\net5.0\\fine-code-coverage\\build-output\\CrakingTheCodeInterview.Test.dll","CodeFilePath":null,"LineNumber":0,"Properties":[]},"Attachments":[],"Outcome":1,"ErrorMessage":null,"ErrorStackTrace":null,"DisplayName":"CrakingTheCodeInterview.Test.Chapter_1___Arrays_and_String.Question1.Solution3NoAdditionalStructure(test: OnlyUniqueCharactersTestInput { ExpectedResult = True, InputText = \"fabio\", Name = \"Basic positive\" })","Messages":[],"ComputerName":"DESKTOP-D2C4O03","Duration":"00:00:00.0031080","StartTime":"2021-09-28T03:30:26.1775029+00:00","EndTime":"2021-09-28T03:30:26.177552+00:00","Properties":[]},{"TestCase":{"Id":"79f3721f-b7ba-df71-2e13-800393e71d7f","FullyQualifiedName":"CrakingTheCodeInterview.Test.Chapter_1___Arrays_and_String.Question1.Solution3NoAdditionalStructure","DisplayName":"CrakingTheCodeInterview.Test.Chapter_1___Arrays_and_String.Question1.Solution3NoAdditionalStructure","ExecutorUri":"executor://xunit/VsTestRunner2/netcoreapp","Source":"C:\\Users\\isabe\\source\\repos\\CrackingTheCodeInterview\\CrakingTheCodeInterview.Test\\bin\\Debug\\net5.0\\fine-code-coverage\\build-output\\CrakingTheCodeInterview.Test.dll","CodeFilePath":null,"LineNumber":0,"Properties":[]},"Attachments":[],"Outcome":1,"ErrorMessage":null,"ErrorStackTrace":null,"DisplayName":"CrakingTheCodeInterview.Test.Chapter_1___Arrays_and_String.Question1.Solution3NoAdditionalStructure(test: OnlyUniqueCharactersTestInput { ExpectedResult = False, InputText = \"sandra\", Name = \"Basic negative\" })","Messages":[],"ComputerName":"DESKTOP-D2C4O03","Duration":"00:00:00.0000356","StartTime":"2021-09-28T03:30:26.1911895+00:00","EndTime":"2021-09-28T03:30:26.1911909+00:00","Properties":[]},{"TestCase":{"Id":"79f3721f-b7ba-df71-2e13-800393e71d7f","FullyQualifiedName":"CrakingTheCodeInterview.Test.Chapter_1___Arrays_and_String.Question1.Solution3NoAdditionalStructure","DisplayName":"CrakingTheCodeInterview.Test.Chapter_1___Arrays_and_String.Question1.Solution3NoAdditionalStructure","ExecutorUri":"executor://xunit/VsTestRunner2/netcoreapp","Source":"C:\\Users\\isabe\\source\\repos\\CrackingTheCodeInterview\\CrakingTheCodeInterview.Test\\bin\\Debug\\net5.0\\fine-code-coverage\\build-output\\CrakingTheCodeInterview.Test.dll","CodeFilePath":null,"LineNumber":0,"Properties":[]},"Attachments":[],"Outcome":1,"ErrorMessage":null,"ErrorStackTrace":null,"DisplayName":"CrakingTheCodeInterview.Test.Chapter_1___Arrays_and_String.Question1.Solution3NoAdditionalStructure(test: OnlyUniqueCharactersTestInput { ExpectedResult = True, InputText = \"isabelLA\", Name = \"Case sensitive\" })","Messages":[],"ComputerName":"DESKTOP-D2C4O03","Duration":"00:00:00.0000036","StartTime":"2021-09-28T03:30:26.1914936+00:00","EndTime":"2021-09-28T03:30:26.1914938+00:00","Properties":[]},{"TestCase":{"Id":"79f3721f-b7ba-df71-2e13-800393e71d7f","FullyQualifiedName":"CrakingTheCodeInterview.Test.Chapter_1___Arrays_and_String.Question1.Solution3NoAdditionalStructure","DisplayName":"CrakingTheCodeInterview.Test.Chapter_1___Arrays_and_String.Question1.Solution3NoAdditionalStructure","ExecutorUri":"executor://xunit/VsTestRunner2/netcoreapp","Source":"C:\\Users\\isabe\\source\\repos\\CrackingTheCodeInterview\\CrakingTheCodeInterview.Test\\bin\\Debug\\net5.0\\fine-code-coverage\\build-output\\CrakingTheCodeInterview.Test.dll","CodeFilePath":null,"LineNumber":0,"Properties":[]},"Attachments":[],"Outcome":1,"ErrorMessage":null,"ErrorStackTrace":null,"DisplayName":"CrakingTheCodeInterview.Test.Chapter_1___Arrays_and_String.Question1.Solution3NoAdditionalStructure(test: OnlyUniqueCharactersTestInput { ExpectedResult = True, InputText = \"\", Name = \"Empty\" })","Messages":[],"ComputerName":"DESKTOP-D2C4O03","Duration":"00:00:00.0000016","StartTime":"2021-09-28T03:30:26.191575+00:00","EndTime":"2021-09-28T03:30:26.1915752+00:00","Properties":[]},{"TestCase":{"Id":"79f3721f-b7ba-df71-2e13-800393e71d7f","FullyQualifiedName":"CrakingTheCodeInterview.Test.Chapter_1___Arrays_and_String.Question1.Solution3NoAdditionalStructure","DisplayName":"CrakingTheCodeInterview.Test.Chapter_1___Arrays_and_String.Question1.Solution3NoAdditionalStructure","ExecutorUri":"executor://xunit/VsTestRunner2/netcoreapp","Source":"C:\\Users\\isabe\\source\\repos\\CrackingTheCodeInterview\\CrakingTheCodeInterview.Test\\bin\\Debug\\net5.0\\fine-code-coverage\\build-output\\CrakingTheCodeInterview.Test.dll","CodeFilePath":null,"LineNumber":0,"Properties":[]},"Attachments":[],"Outcome":1,"ErrorMessage":null,"ErrorStackTrace":null,"DisplayName":"CrakingTheCodeInterview.Test.Chapter_1___Arrays_and_String.Question1.Solution3NoAdditionalStructure(test: OnlyUniqueCharactersTestInput { ExpectedResult = False, InputText = \"\\x01\\x02\\x03\\x04\\x05\\x06\\a\\b\\t\\n\\v\\f\\r\\x0e\\x0f\\x10\"..., Name = \"Max size\" })","Messages":[],"ComputerName":"DESKTOP-D2C4O03","Duration":"00:00:00.0000017","StartTime":"2021-09-28T03:30:26.1916704+00:00","EndTime":"2021-09-28T03:30:26.1916705+00:00","Properties":[]}],"TestRunStatistics":{"ExecutedTests":5,"Stats":{"Passed":5}},"ActiveTests":[]}}
TpTrace Verbose: 0 : 24632, 14, 2021/09/28, 00:30:27.359, 471312237579, vstest.console.dll, TestRunRequest:SendTestRunStatsChange: Starting.
TpTrace Information: 0 : 24632, 14, 2021/09/28, 00:30:27.359, 471312239476, vstest.console.dll, TestRunRequest:SendTestRunStatsChange: Completed.
TpTrace Verbose: 0 : 24632, 14, 2021/09/28, 00:30:27.359, 471312239808, vstest.console.dll, TcpClientExtensions.MessageLoopAsync: Polling on remoteEndPoint: 127.0.0.1:58317 localEndPoint: 127.0.0.1:58316
TpTrace Verbose: 0 : 24632, 14, 2021/09/28, 00:30:28.371, 471322359597, vstest.console.dll, TcpClientExtensions.MessageLoopAsync: Polling on remoteEndPoint: 127.0.0.1:58317 localEndPoint: 127.0.0.1:58316
TpTrace Verbose: 0 : 24632, 14, 2021/09/28, 00:30:29.373, 471332376069, vstest.console.dll, TcpClientExtensions.MessageLoopAsync: Polling on remoteEndPoint: 127.0.0.1:58317 localEndPoint: 127.0.0.1:58316
TpTrace Verbose: 0 : 24632, 14, 2021/09/28, 00:30:30.387, 471342515799, vstest.console.dll, TcpClientExtensions.MessageLoopAsync: Polling on remoteEndPoint: 127.0.0.1:58317 localEndPoint: 127.0.0.1:58316
TpTrace Verbose: 0 : 24632, 14, 2021/09/28, 00:30:31.390, 471352551466, vstest.console.dll, TcpClientExtensions.MessageLoopAsync: Polling on remoteEndPoint: 127.0.0.1:58317 localEndPoint: 127.0.0.1:58316
TpTrace Verbose: 0 : 24632, 14, 2021/09/28, 00:30:32.394, 471362591390, vstest.console.dll, TcpClientExtensions.MessageLoopAsync: Polling on remoteEndPoint: 127.0.0.1:58317 localEndPoint: 127.0.0.1:58316
TpTrace Verbose: 0 : 24632, 14, 2021/09/28, 00:30:33.399, 471372632508, vstest.console.dll, TcpClientExtensions.MessageLoopAsync: Polling on remoteEndPoint: 127.0.0.1:58317 localEndPoint: 127.0.0.1:58316
TpTrace Verbose: 0 : 24632, 14, 2021/09/28, 00:30:34.405, 471382697812, vstest.console.dll, TcpClientExtensions.MessageLoopAsync: Polling on remoteEndPoint: 127.0.0.1:58317 localEndPoint: 127.0.0.1:58316
TpTrace Verbose: 0 : 24632, 14, 2021/09/28, 00:30:35.406, 471392702562, vstest.console.dll, TcpClientExtensions.MessageLoopAsync: Polling on remoteEndPoint: 127.0.0.1:58317 localEndPoint: 127.0.0.1:58316
TpTrace Verbose: 0 : 24632, 14, 2021/09/28, 00:30:36.412, 471402767122, vstest.console.dll, TcpClientExtensions.MessageLoopAsync: Polling on remoteEndPoint: 127.0.0.1:58317 localEndPoint: 127.0.0.1:58316
TpTrace Verbose: 0 : 24632, 14, 2021/09/28, 00:30:37.414, 471412787444, vstest.console.dll, TcpClientExtensions.MessageLoopAsync: Polling on remoteEndPoint: 127.0.0.1:58317 localEndPoint: 127.0.0.1:58316
TpTrace Verbose: 0 : 24632, 14, 2021/09/28, 00:30:38.416, 471422807455, vstest.console.dll, TcpClientExtensions.MessageLoopAsync: Polling on remoteEndPoint: 127.0.0.1:58317 localEndPoint: 127.0.0.1:58316
TpTrace Verbose: 0 : 24632, 14, 2021/09/28, 00:30:39.418, 471432823490, vstest.console.dll, TcpClientExtensions.MessageLoopAsync: Polling on remoteEndPoint: 127.0.0.1:58317 localEndPoint: 127.0.0.1:58316
TpTrace Verbose: 0 : 24632, 14, 2021/09/28, 00:30:40.421, 471442853879, vstest.console.dll, TcpClientExtensions.MessageLoopAsync: Polling on remoteEndPoint: 127.0.0.1:58317 localEndPoint: 127.0.0.1:58316
TpTrace Verbose: 0 : 24632, 14, 2021/09/28, 00:30:41.427, 471452918377, vstest.console.dll, TcpClientExtensions.MessageLoopAsync: Polling on remoteEndPoint: 127.0.0.1:58317 localEndPoint: 127.0.0.1:58316
TpTrace Verbose: 0 : 24632, 14, 2021/09/28, 00:30:42.443, 471463074207, vstest.console.dll, TcpClientExtensions.MessageLoopAsync: Polling on remoteEndPoint: 127.0.0.1:58317 localEndPoint: 127.0.0.1:58316
TpTrace Verbose: 0 : 24632, 14, 2021/09/28, 00:30:43.443, 471473079210, vstest.console.dll, TcpClientExtensions.MessageLoopAsync: Polling on remoteEndPoint: 127.0.0.1:58317 localEndPoint: 127.0.0.1:58316
TpTrace Verbose: 0 : 24632, 14, 2021/09/28, 00:30:44.446, 471483105648, vstest.console.dll, TcpClientExtensions.MessageLoopAsync: Polling on remoteEndPoint: 127.0.0.1:58317 localEndPoint: 127.0.0.1:58316
TpTrace Verbose: 0 : 24632, 14, 2021/09/28, 00:30:45.459, 471493237398, vstest.console.dll, TcpClientExtensions.MessageLoopAsync: Polling on remoteEndPoint: 127.0.0.1:58317 localEndPoint: 127.0.0.1:58316
TpTrace Verbose: 0 : 24632, 14, 2021/09/28, 00:30:46.463, 471503277452, vstest.console.dll, TcpClientExtensions.MessageLoopAsync: Polling on remoteEndPoint: 127.0.0.1:58317 localEndPoint: 127.0.0.1:58316
TpTrace Verbose: 0 : 24632, 14, 2021/09/28, 00:30:47.467, 471513318654, vstest.console.dll, TcpClientExtensions.MessageLoopAsync: Polling on remoteEndPoint: 127.0.0.1:58317 localEndPoint: 127.0.0.1:58316
TpTrace Verbose: 0 : 24632, 14, 2021/09/28, 00:30:48.481, 471523458369, vstest.console.dll, TcpClientExtensions.MessageLoopAsync: Polling on remoteEndPoint: 127.0.0.1:58317 localEndPoint: 127.0.0.1:58316
TpTrace Verbose: 0 : 24632, 14, 2021/09/28, 00:30:49.496, 471533604920, vstest.console.dll, TcpClientExtensions.MessageLoopAsync: Polling on remoteEndPoint: 127.0.0.1:58317 localEndPoint: 127.0.0.1:58316
TpTrace Verbose: 0 : 24632, 14, 2021/09/28, 00:30:50.498, 471543624974, vstest.console.dll, TcpClientExtensions.MessageLoopAsync: Polling on remoteEndPoint: 127.0.0.1:58317 localEndPoint: 127.0.0.1:58316
TpTrace Verbose: 0 : 24632, 14, 2021/09/28, 00:30:51.502, 471553666824, vstest.console.dll, TcpClientExtensions.MessageLoopAsync: Polling on remoteEndPoint: 127.0.0.1:58317 localEndPoint: 127.0.0.1:58316
TpTrace Verbose: 0 : 24632, 14, 2021/09/28, 00:30:52.505, 471563697393, vstest.console.dll, TcpClientExtensions.MessageLoopAsync: Polling on remoteEndPoint: 127.0.0.1:58317 localEndPoint: 127.0.0.1:58316
TpTrace Verbose: 0 : 24632, 14, 2021/09/28, 00:30:53.506, 471573707797, vstest.console.dll, TcpClientExtensions.MessageLoopAsync: Polling on remoteEndPoint: 127.0.0.1:58317 localEndPoint: 127.0.0.1:58316
TpTrace Verbose: 0 : 24632, 14, 2021/09/28, 00:30:54.521, 471583853135, vstest.console.dll, TcpClientExtensions.MessageLoopAsync: Polling on remoteEndPoint: 127.0.0.1:58317 localEndPoint: 127.0.0.1:58316
TpTrace Verbose: 0 : 24632, 14, 2021/09/28, 00:30:55.522, 471593868647, vstest.console.dll, TcpClientExtensions.MessageLoopAsync: Polling on remoteEndPoint: 127.0.0.1:58317 localEndPoint: 127.0.0.1:58316
TpTrace Verbose: 0 : 24632, 14, 2021/09/28, 00:30:56.537, 471604018592, vstest.console.dll, TcpClientExtensions.MessageLoopAsync: Polling on remoteEndPoint: 127.0.0.1:58317 localEndPoint: 127.0.0.1:58316
TpTrace Verbose: 0 : 24632, 14, 2021/09/28, 00:30:57.540, 471614049361, vstest.console.dll, TcpClientExtensions.MessageLoopAsync: Polling on remoteEndPoint: 127.0.0.1:58317 localEndPoint: 127.0.0.1:58316
TpTrace Verbose: 0 : 24632, 14, 2021/09/28, 00:30:58.543, 471624079390, vstest.console.dll, TcpClientExtensions.MessageLoopAsync: Polling on remoteEndPoint: 127.0.0.1:58317 localEndPoint: 127.0.0.1:58316
TpTrace Verbose: 0 : 24632, 14, 2021/09/28, 00:30:59.558, 471634225789, vstest.console.dll, TcpClientExtensions.MessageLoopAsync: Polling on remoteEndPoint: 127.0.0.1:58317 localEndPoint: 127.0.0.1:58316
TpTrace Verbose: 0 : 24632, 14, 2021/09/28, 00:31:00.572, 471644365769, vstest.console.dll, TcpClientExtensions.MessageLoopAsync: Polling on remoteEndPoint: 127.0.0.1:58317 localEndPoint: 127.0.0.1:58316
TpTrace Verbose: 0 : 24632, 14, 2021/09/28, 00:31:01.585, 471654493827, vstest.console.dll, TcpClientExtensions.MessageLoopAsync: Polling on remoteEndPoint: 127.0.0.1:58317 localEndPoint: 127.0.0.1:58316
TpTrace Verbose: 0 : 24632, 14, 2021/09/28, 00:31:02.586, 471664503913, vstest.console.dll, TcpClientExtensions.MessageLoopAsync: Polling on remoteEndPoint: 127.0.0.1:58317 localEndPoint: 127.0.0.1:58316
TpTrace Verbose: 0 : 24632, 14, 2021/09/28, 00:31:03.600, 471674647392, vstest.console.dll, TcpClientExtensions.MessageLoopAsync: Polling on remoteEndPoint: 127.0.0.1:58317 localEndPoint: 127.0.0.1:58316
TpTrace Verbose: 0 : 24632, 14, 2021/09/28, 00:31:04.616, 471684803070, vstest.console.dll, TcpClientExtensions.MessageLoopAsync: Polling on remoteEndPoint: 127.0.0.1:58317 localEndPoint: 127.0.0.1:58316
TpTrace Verbose: 0 : 24632, 14, 2021/09/28, 00:31:05.618, 471694828186, vstest.console.dll, TcpClientExtensions.MessageLoopAsync: Polling on remoteEndPoint: 127.0.0.1:58317 localEndPoint: 127.0.0.1:58316
TpTrace Verbose: 0 : 24632, 14, 2021/09/28, 00:31:06.620, 471704848274, vstest.console.dll, TcpClientExtensions.MessageLoopAsync: Polling on remoteEndPoint: 127.0.0.1:58317 localEndPoint: 127.0.0.1:58316
TpTrace Verbose: 0 : 24632, 14, 2021/09/28, 00:31:07.634, 471714988896, vstest.console.dll, TcpClientExtensions.MessageLoopAsync: Polling on remoteEndPoint: 127.0.0.1:58317 localEndPoint: 127.0.0.1:58316
TpTrace Verbose: 0 : 24632, 14, 2021/09/28, 00:31:08.638, 471725028947, vstest.console.dll, TcpClientExtensions.MessageLoopAsync: Polling on remoteEndPoint: 127.0.0.1:58317 localEndPoint: 127.0.0.1:58316
TpTrace Verbose: 0 : 24632, 14, 2021/09/28, 00:31:09.640, 471735049429, vstest.console.dll, TcpClientExtensions.MessageLoopAsync: Polling on remoteEndPoint: 127.0.0.1:58317 localEndPoint: 127.0.0.1:58316
TpTrace Verbose: 0 : 24632, 14, 2021/09/28, 00:31:10.655, 471745199326, vstest.console.dll, TcpClientExtensions.MessageLoopAsync: Polling on remoteEndPoint: 127.0.0.1:58317 localEndPoint: 127.0.0.1:58316
TpTrace Verbose: 0 : 24632, 14, 2021/09/28, 00:31:11.671, 471755354464, vstest.console.dll, TcpClientExtensions.MessageLoopAsync: Polling on remoteEndPoint: 127.0.0.1:58317 localEndPoint: 127.0.0.1:58316
TpTrace Verbose: 0 : 24632, 14, 2021/09/28, 00:31:12.675, 471765394317, vstest.console.dll, TcpClientExtensions.MessageLoopAsync: Polling on remoteEndPoint: 127.0.0.1:58317 localEndPoint: 127.0.0.1:58316
TpTrace Verbose: 0 : 24632, 14, 2021/09/28, 00:31:13.678, 471775425212, vstest.console.dll, TcpClientExtensions.MessageLoopAsync: Polling on remoteEndPoint: 127.0.0.1:58317 localEndPoint: 127.0.0.1:58316
TpTrace Verbose: 0 : 24632, 14, 2021/09/28, 00:31:14.683, 471785480877, vstest.console.dll, TcpClientExtensions.MessageLoopAsync: Polling on remoteEndPoint: 127.0.0.1:58317 localEndPoint: 127.0.0.1:58316
TpTrace Verbose: 0 : 24632, 14, 2021/09/28, 00:31:15.687, 471795516268, vstest.console.dll, TcpClientExtensions.MessageLoopAsync: Polling on remoteEndPoint: 127.0.0.1:58317 localEndPoint: 127.0.0.1:58316
TpTrace Verbose: 0 : 24632, 14, 2021/09/28, 00:31:16.691, 471805555903, vstest.console.dll, TcpClientExtensions.MessageLoopAsync: Polling on remoteEndPoint: 127.0.0.1:58317 localEndPoint: 127.0.0.1:58316
TpTrace Verbose: 0 : 24632, 14, 2021/09/28, 00:31:17.694, 471815586904, vstest.console.dll, TcpClientExtensions.MessageLoopAsync: Polling on remoteEndPoint: 127.0.0.1:58317 localEndPoint: 127.0.0.1:58316
TpTrace Verbose: 0 : 24632, 14, 2021/09/28, 00:31:18.699, 471825636842, vstest.console.dll, TcpClientExtensions.MessageLoopAsync: Polling on remoteEndPoint: 127.0.0.1:58317 localEndPoint: 127.0.0.1:58316
TpTrace Verbose: 0 : 24632, 14, 2021/09/28, 00:31:19.701, 471835653434, vstest.console.dll, TcpClientExtensions.MessageLoopAsync: Polling on remoteEndPoint: 127.0.0.1:58317 localEndPoint: 127.0.0.1:58316
TpTrace Verbose: 0 : 24632, 14, 2021/09/28, 00:31:20.716, 471845803425, vstest.console.dll, TcpClientExtensions.MessageLoopAsync: Polling on remoteEndPoint: 127.0.0.1:58317 localEndPoint: 127.0.0.1:58316
TpTrace Verbose: 0 : 24632, 14, 2021/09/28, 00:31:21.716, 471855804381, vstest.console.dll, TcpClientExtensions.MessageLoopAsync: Polling on remoteEndPoint: 127.0.0.1:58317 localEndPoint: 127.0.0.1:58316
TpTrace Verbose: 0 : 24632, 14, 2021/09/28, 00:31:22.719, 471865834450, vstest.console.dll, TcpClientExtensions.MessageLoopAsync: Polling on remoteEndPoint: 127.0.0.1:58317 localEndPoint: 127.0.0.1:58316
TpTrace Verbose: 0 : 24632, 14, 2021/09/28, 00:31:23.722, 471875865431, vstest.console.dll, TcpClientExtensions.MessageLoopAsync: Polling on remoteEndPoint: 127.0.0.1:58317 localEndPoint: 127.0.0.1:58316
TpTrace Verbose: 0 : 24632, 14, 2021/09/28, 00:31:24.723, 471885881135, vstest.console.dll, TcpClientExtensions.MessageLoopAsync: Polling on remoteEndPoint: 127.0.0.1:58317 localEndPoint: 127.0.0.1:58316
TpTrace Verbose: 0 : 24632, 14, 2021/09/28, 00:31:25.738, 471896023015, vstest.console.dll, TcpClientExtensions.MessageLoopAsync: Polling on remoteEndPoint: 127.0.0.1:58317 localEndPoint: 127.0.0.1:58316
TpTrace Verbose: 0 : 24632, 14, 2021/09/28, 00:31:26.753, 471906173082, vstest.console.dll, TcpClientExtensions.MessageLoopAsync: Polling on remoteEndPoint: 127.0.0.1:58317 localEndPoint: 127.0.0.1:58316
TpTrace Verbose: 0 : 24632, 14, 2021/09/28, 00:31:27.757, 471916214319, vstest.console.dll, TcpClientExtensions.MessageLoopAsync: Polling on remoteEndPoint: 127.0.0.1:58317 localEndPoint: 127.0.0.1:58316
TpTrace Verbose: 0 : 24632, 14, 2021/09/28, 00:31:28.770, 471926344305, vstest.console.dll, TcpClientExtensions.MessageLoopAsync: Polling on remoteEndPoint: 127.0.0.1:58317 localEndPoint: 127.0.0.1:58316
TpTrace Verbose: 0 : 24632, 14, 2021/09/28, 00:31:29.771, 471936360917, vstest.console.dll, TcpClientExtensions.MessageLoopAsync: Polling on remoteEndPoint: 127.0.0.1:58317 localEndPoint: 127.0.0.1:58316
TpTrace Verbose: 0 : 24632, 14, 2021/09/28, 00:31:30.784, 471946490820, vstest.console.dll, TcpClientExtensions.MessageLoopAsync: Polling on remoteEndPoint: 127.0.0.1:58317 localEndPoint: 127.0.0.1:58316
TpTrace Verbose: 0 : 24632, 14, 2021/09/28, 00:31:31.787, 471956521905, vstest.console.dll, TcpClientExtensions.MessageLoopAsync: Polling on remoteEndPoint: 127.0.0.1:58317 localEndPoint: 127.0.0.1:58316
TpTrace Verbose: 0 : 24632, 14, 2021/09/28, 00:31:32.792, 471966571945, vstest.console.dll, TcpClientExtensions.MessageLoopAsync: Polling on remoteEndPoint: 127.0.0.1:58317 localEndPoint: 127.0.0.1:58316
TpTrace Verbose: 0 : 24632, 14, 2021/09/28, 00:31:33.795, 471976598007, vstest.console.dll, TcpClientExtensions.MessageLoopAsync: Polling on remoteEndPoint: 127.0.0.1:58317 localEndPoint: 127.0.0.1:58316
TpTrace Verbose: 0 : 24632, 14, 2021/09/28, 00:31:34.800, 471986643507, vstest.console.dll, TcpClientExtensions.MessageLoopAsync: Polling on remoteEndPoint: 127.0.0.1:58317 localEndPoint: 127.0.0.1:58316
TpTrace Verbose: 0 : 24632, 14, 2021/09/28, 00:31:35.801, 471996654293, vstest.console.dll, TcpClientExtensions.MessageLoopAsync: Polling on remoteEndPoint: 127.0.0.1:58317 localEndPoint: 127.0.0.1:58316
TpTrace Verbose: 0 : 24632, 14, 2021/09/28, 00:31:36.802, 472006666621, vstest.console.dll, TcpClientExtensions.MessageLoopAsync: Polling on remoteEndPoint: 127.0.0.1:58317 localEndPoint: 127.0.0.1:58316
TpTrace Verbose: 0 : 24632, 14, 2021/09/28, 00:31:37.805, 472016697359, vstest.console.dll, TcpClientExtensions.MessageLoopAsync: Polling on remoteEndPoint: 127.0.0.1:58317 localEndPoint: 127.0.0.1:58316
TpTrace Verbose: 0 : 24632, 14, 2021/09/28, 00:31:38.806, 472026707416, vstest.console.dll, TcpClientExtensions.MessageLoopAsync: Polling on remoteEndPoint: 127.0.0.1:58317 localEndPoint: 127.0.0.1:58316
TpTrace Verbose: 0 : 24632, 14, 2021/09/28, 00:31:39.821, 472036853567, vstest.console.dll, TcpClientExtensions.MessageLoopAsync: Polling on remoteEndPoint: 127.0.0.1:58317 localEndPoint: 127.0.0.1:58316
TpTrace Verbose: 0 : 24632, 14, 2021/09/28, 00:31:40.665, 472045301101, vstest.console.dll, TcpClientExtensions.MessageLoopAsync: NotifyDataAvailable remoteEndPoint: 127.0.0.1:58317 localEndPoint: 127.0.0.1:58316
TpTrace Verbose: 0 : 24632, 14, 2021/09/28, 00:31:40.666, 472045302809, vstest.console.dll, TestRequestSender.OnExecutionMessageReceived: Received message: {"Version":5,"MessageType":"TestExecution.StatsChange","Payload":{"NewTestResults":[{"TestCase":{"Id":"79f3721f-b7ba-df71-2e13-800393e71d7f","FullyQualifiedName":"CrakingTheCodeInterview.Test.Chapter_1___Arrays_and_String.Question1.Solution3NoAdditionalStructure","DisplayName":"CrakingTheCodeInterview.Test.Chapter_1___Arrays_and_String.Question1.Solution3NoAdditionalStructure","ExecutorUri":"executor://xunit/VsTestRunner2/netcoreapp","Source":"C:\\Users\\isabe\\source\\repos\\CrackingTheCodeInterview\\CrakingTheCodeInterview.Test\\bin\\Debug\\net5.0\\fine-code-coverage\\build-output\\CrakingTheCodeInterview.Test.dll","CodeFilePath":null,"LineNumber":0,"Properties":[]},"Attachments":[],"Outcome":1,"ErrorMessage":null,"ErrorStackTrace":null,"DisplayName":"CrakingTheCodeInterview.Test.Chapter_1___Arrays_and_String.Question1.Solution3NoAdditionalStructure(test: OnlyUniqueCharactersTestInput { ExpectedResult = True, InputText = \"\\x01\\x02\\x03\\x04\\x05\\x06\\a\\b\\t\\n\\v\\f\\r\\x0e\\x0f\\x10\"..., Name = \"Stress true\" })","Messages":[],"ComputerName":"DESKTOP-D2C4O03","Duration":"00:01:14.2703020","StartTime":"2021-09-28T03:31:40.4472036+00:00","EndTime":"2021-09-28T03:31:40.4472063+00:00","Properties":[]},{"TestCase":{"Id":"79f3721f-b7ba-df71-2e13-800393e71d7f","FullyQualifiedName":"CrakingTheCodeInterview.Test.Chapter_1___Arrays_and_String.Question1.Solution3NoAdditionalStructure","DisplayName":"CrakingTheCodeInterview.Test.Chapter_1___Arrays_and_String.Question1.Solution3NoAdditionalStructure","ExecutorUri":"executor://xunit/VsTestRunner2/netcoreapp","Source":"C:\\Users\\isabe\\source\\repos\\CrackingTheCodeInterview\\CrakingTheCodeInterview.Test\\bin\\Debug\\net5.0\\fine-code-coverage\\build-output\\CrakingTheCodeInterview.Test.dll","CodeFilePath":null,"LineNumber":0,"Properties":[]},"Attachments":[],"Outcome":1,"ErrorMessage":null,"ErrorStackTrace":null,"DisplayName":"CrakingTheCodeInterview.Test.Chapter_1___Arrays_and_String.Question1.Solution3NoAdditionalStructure(test: OnlyUniqueCharactersTestInput { ExpectedResult = False, InputText = \"\\x01\\x02\\x03\\x04\\x05\\x06\\a\\b\\t\\n\\v\\f\\r\\x0e\\x0f\\x10\"..., Name = \"Stress false\" })","Messages":[],"ComputerName":"DESKTOP-D2C4O03","Duration":"00:00:00.2173214","StartTime":"2021-09-28T03:31:40.6646147+00:00","EndTime":"2021-09-28T03:31:40.6646175+00:00","Properties":[]}],"TestRunStatistics":{"ExecutedTests":7,"Stats":{"Passed":7}},"ActiveTests":[{"Id":"8b2a07eb-15fe-abae-7c2e-1dd5cacd6b08","FullyQualifiedName":"CrakingTheCodeInterview.Test.Chapter_1___Arrays_and_String.Question1.Solution1HashSet","DisplayName":"CrakingTheCodeInterview.Test.Chapter_1___Arrays_and_String.Question1.Solution1HashSet","ExecutorUri":"executor://xunit/VsTestRunner2/netcoreapp","Source":"C:\\Users\\isabe\\source\\repos\\CrackingTheCodeInterview\\CrakingTheCodeInterview.Test\\bin\\Debug\\net5.0\\fine-code-coverage\\build-output\\CrakingTheCodeInterview.Test.dll","CodeFilePath":null,"LineNumber":0,"Properties":[]}]}}
TpTrace Verbose: 0 : 24632, 14, 2021/09/28, 00:31:40.667, 472045312643, vstest.console.dll, TestRunRequest:SendTestRunStatsChange: Starting.
TpTrace Verbose: 0 : 24632, 14, 2021/09/28, 00:31:40.667, 472045313676, vstest.console.dll, InProgress is CrakingTheCodeInterview.Test.Chapter_1___Arrays_and_String.Question1.Solution1HashSet
TpTrace Information: 0 : 24632, 14, 2021/09/28, 00:31:40.667, 472045314226, vstest.console.dll, TestRunRequest:SendTestRunStatsChange: Completed.
TpTrace Verbose: 0 : 24632, 14, 2021/09/28, 00:31:40.667, 472045314533, vstest.console.dll, TcpClientExtensions.MessageLoopAsync: Polling on remoteEndPoint: 127.0.0.1:58317 localEndPoint: 127.0.0.1:58316
TpTrace Verbose: 0 : 24632, 14, 2021/09/28, 00:31:40.690, 472045542678, vstest.console.dll, TcpClientExtensions.MessageLoopAsync: NotifyDataAvailable remoteEndPoint: 127.0.0.1:58317 localEndPoint: 127.0.0.1:58316
TpTrace Verbose: 0 : 24632, 14, 2021/09/28, 00:31:40.690, 472045544658, vstest.console.dll, TestRequestSender.OnExecutionMessageReceived: Received message: {"Version":5,"MessageType":"TestExecution.StatsChange","Payload":{"NewTestResults":[{"TestCase":{"Id":"8b2a07eb-15fe-abae-7c2e-1dd5cacd6b08","FullyQualifiedName":"CrakingTheCodeInterview.Test.Chapter_1___Arrays_and_String.Question1.Solution1HashSet","DisplayName":"CrakingTheCodeInterview.Test.Chapter_1___Arrays_and_String.Question1.Solution1HashSet","ExecutorUri":"executor://xunit/VsTestRunner2/netcoreapp","Source":"C:\\Users\\isabe\\source\\repos\\CrackingTheCodeInterview\\CrakingTheCodeInterview.Test\\bin\\Debug\\net5.0\\fine-code-coverage\\build-output\\CrakingTheCodeInterview.Test.dll","CodeFilePath":null,"LineNumber":0,"Properties":[]},"Attachments":[],"Outcome":1,"ErrorMessage":null,"ErrorStackTrace":null,"DisplayName":"CrakingTheCodeInterview.Test.Chapter_1___Arrays_and_String.Question1.Solution1HashSet(test: OnlyUniqueCharactersTestInput { ExpectedResult = True, InputText = \"fabio\", Name = \"Basic positive\" })","Messages":[],"ComputerName":"DESKTOP-D2C4O03","Duration":"00:00:00.0022463","StartTime":"2021-09-28T03:31:40.6750207+00:00","EndTime":"2021-09-28T03:31:40.6750217+00:00","Properties":[]},{"TestCase":{"Id":"8b2a07eb-15fe-abae-7c2e-1dd5cacd6b08","FullyQualifiedName":"CrakingTheCodeInterview.Test.Chapter_1___Arrays_and_String.Question1.Solution1HashSet","DisplayName":"CrakingTheCodeInterview.Test.Chapter_1___Arrays_and_String.Question1.Solution1HashSet","ExecutorUri":"executor://xunit/VsTestRunner2/netcoreapp","Source":"C:\\Users\\isabe\\source\\repos\\CrackingTheCodeInterview\\CrakingTheCodeInterview.Test\\bin\\Debug\\net5.0\\fine-code-coverage\\build-output\\CrakingTheCodeInterview.Test.dll","CodeFilePath":null,"LineNumber":0,"Properties":[]},"Attachments":[],"Outcome":1,"ErrorMessage":null,"ErrorStackTrace":null,"DisplayName":"CrakingTheCodeInterview.Test.Chapter_1___Arrays_and_String.Question1.Solution1HashSet(test: OnlyUniqueCharactersTestInput { ExpectedResult = False, InputText = \"sandra\", Name = \"Basic negative\" })","Messages":[],"ComputerName":"DESKTOP-D2C4O03","Duration":"00:00:00.0000063","StartTime":"2021-09-28T03:31:40.6758422+00:00","EndTime":"2021-09-28T03:31:40.6758426+00:00","Properties":[]},{"TestCase":{"Id":"8b2a07eb-15fe-abae-7c2e-1dd5cacd6b08","FullyQualifiedName":"CrakingTheCodeInterview.Test.Chapter_1___Arrays_and_String.Question1.Solution1HashSet","DisplayName":"CrakingTheCodeInterview.Test.Chapter_1___Arrays_and_String.Question1.Solution1HashSet","ExecutorUri":"executor://xunit/VsTestRunner2/netcoreapp","Source":"C:\\Users\\isabe\\source\\repos\\CrackingTheCodeInterview\\CrakingTheCodeInterview.Test\\bin\\Debug\\net5.0\\fine-code-coverage\\build-output\\CrakingTheCodeInterview.Test.dll","CodeFilePath":null,"LineNumber":0,"Properties":[]},"Attachments":[],"Outcome":1,"ErrorMessage":null,"ErrorStackTrace":null,"DisplayName":"CrakingTheCodeInterview.Test.Chapter_1___Arrays_and_String.Question1.Solution1HashSet(test: OnlyUniqueCharactersTestInput { ExpectedResult = True, InputText = \"isabelLA\", Name = \"Case sensitive\" })","Messages":[],"ComputerName":"DESKTOP-D2C4O03","Duration":"00:00:00.0000025","StartTime":"2021-09-28T03:31:40.6759067+00:00","EndTime":"2021-09-28T03:31:40.6759069+00:00","Properties":[]},{"TestCase":{"Id":"8b2a07eb-15fe-abae-7c2e-1dd5cacd6b08","FullyQualifiedName":"CrakingTheCodeInterview.Test.Chapter_1___Arrays_and_String.Question1.Solution1HashSet","DisplayName":"CrakingTheCodeInterview.Test.Chapter_1___Arrays_and_String.Question1.Solution1HashSet","ExecutorUri":"executor://xunit/VsTestRunner2/netcoreapp","Source":"C:\\Users\\isabe\\source\\repos\\CrackingTheCodeInterview\\CrakingTheCodeInterview.Test\\bin\\Debug\\net5.0\\fine-code-coverage\\build-output\\CrakingTheCodeInterview.Test.dll","CodeFilePath":null,"LineNumber":0,"Properties":[]},"Attachments":[],"Outcome":1,"ErrorMessage":null,"ErrorStackTrace":null,"DisplayName":"CrakingTheCodeInterview.Test.Chapter_1___Arrays_and_String.Question1.Solution1HashSet(test: OnlyUniqueCharactersTestInput { ExpectedResult = True, InputText = \"\", Name = \"Empty\" })","Messages":[],"ComputerName":"DESKTOP-D2C4O03","Duration":"00:00:00.0000017","StartTime":"2021-09-28T03:31:40.6759699+00:00","EndTime":"2021-09-28T03:31:40.6759701+00:00","Properties":[]},{"TestCase":{"Id":"8b2a07eb-15fe-abae-7c2e-1dd5cacd6b08","FullyQualifiedName":"CrakingTheCodeInterview.Test.Chapter_1___Arrays_and_String.Question1.Solution1HashSet","DisplayName":"CrakingTheCodeInterview.Test.Chapter_1___Arrays_and_String.Question1.Solution1HashSet","ExecutorUri":"executor://xunit/VsTestRunner2/netcoreapp","Source":"C:\\Users\\isabe\\source\\repos\\CrackingTheCodeInterview\\CrakingTheCodeInterview.Test\\bin\\Debug\\net5.0\\fine-code-coverage\\build-output\\CrakingTheCodeInterview.Test.dll","CodeFilePath":null,"LineNumber":0,"Properties":[]},"Attachments":[],"Outcome":1,"ErrorMessage":null,"ErrorStackTrace":null,"DisplayName":"CrakingTheCodeInterview.Test.Chapter_1___Arrays_and_String.Question1.Solution1HashSet(test: OnlyUniqueCharactersTestInput { ExpectedResult = False, InputText = \"\\x01\\x02\\x03\\x04\\x05\\x06\\a\\b\\t\\n\\v\\f\\r\\x0e\\x0f\\x10\"..., Name = \"Max size\" })","Messages":[],"ComputerName":"DESKTOP-D2C4O03","Duration":"00:00:00.0000018","StartTime":"2021-09-28T03:31:40.6760352+00:00","EndTime":"2021-09-28T03:31:40.6760355+00:00","Properties":[]},{"TestCase":{"Id":"8b2a07eb-15fe-abae-7c2e-1dd5cacd6b08","FullyQualifiedName":"CrakingTheCodeInterview.Test.Chapter_1___Arrays_and_String.Question1.Solution1HashSet","DisplayName":"CrakingTheCodeInterview.Test.Chapter_1___Arrays_and_String.Question1.Solution1HashSet","ExecutorUri":"executor://xunit/VsTestRunner2/netcoreapp","Source":"C:\\Users\\isabe\\source\\repos\\CrackingTheCodeInterview\\CrakingTheCodeInterview.Test\\bin\\Debug\\net5.0\\fine-code-coverage\\build-output\\CrakingTheCodeInterview.Test.dll","CodeFilePath":null,"LineNumber":0,"Properties":[]},"Attachments":[],"Outcome":1,"ErrorMessage":null,"ErrorStackTrace":null,"DisplayName":"CrakingTheCodeInterview.Test.Chapter_1___Arrays_and_String.Question1.Solution1HashSet(test: OnlyUniqueCharactersTestInput { ExpectedResult = True, InputText = \"\\x01\\x02\\x03\\x04\\x05\\x06\\a\\b\\t\\n\\v\\f\\r\\x0e\\x0f\\x10\"..., Name = \"Stress true\" })","Messages":[],"ComputerName":"DESKTOP-D2C4O03","Duration":"00:00:00.0041038","StartTime":"2021-09-28T03:31:40.6791868+00:00","EndTime":"2021-09-28T03:31:40.6791875+00:00","Properties":[]},{"TestCase":{"Id":"8b2a07eb-15fe-abae-7c2e-1dd5cacd6b08","FullyQualifiedName":"CrakingTheCodeInterview.Test.Chapter_1___Arrays_and_String.Question1.Solution1HashSet","DisplayName":"CrakingTheCodeInterview.Test.Chapter_1___Arrays_and_String.Question1.Solution1HashSet","ExecutorUri":"executor://xunit/VsTestRunner2/netcoreapp","Source":"C:\\Users\\isabe\\source\\repos\\CrackingTheCodeInterview\\CrakingTheCodeInterview.Test\\bin\\Debug\\net5.0\\fine-code-coverage\\build-output\\CrakingTheCodeInterview.Test.dll","CodeFilePath":null,"LineNumber":0,"Properties":[]},"Attachments":[],"Outcome":1,"ErrorMessage":null,"ErrorStackTrace":null,"DisplayName":"CrakingTheCodeInterview.Test.Chapter_1___Arrays_and_String.Question1.Solution1HashSet(test: OnlyUniqueCharactersTestInput { ExpectedResult = False, InputText = \"\\x01\\x02\\x03\\x04\\x05\\x06\\a\\b\\t\\n\\v\\f\\r\\x0e\\x0f\\x10\"..., Name = \"Stress false\" })","Messages":[],"ComputerName":"DESKTOP-D2C4O03","Duration":"00:00:00.0062009","StartTime":"2021-09-28T03:31:40.6854171+00:00","EndTime":"2021-09-28T03:31:40.6854176+00:00","Properties":[]},{"TestCase":{"Id":"0e8c772c-4719-d97c-dace-f19fef8c0823","FullyQualifiedName":"CrakingTheCodeInterview.Test.Chapter_1___Arrays_and_String.Question1.Solution2BoolList","DisplayName":"CrakingTheCodeInterview.Test.Chapter_1___Arrays_and_String.Question1.Solution2BoolList","ExecutorUri":"executor://xunit/VsTestRunner2/netcoreapp","Source":"C:\\Users\\isabe\\source\\repos\\CrackingTheCodeInterview\\CrakingTheCodeInterview.Test\\bin\\Debug\\net5.0\\fine-code-coverage\\build-output\\CrakingTheCodeInterview.Test.dll","CodeFilePath":null,"LineNumber":0,"Properties":[]},"Attachments":[],"Outcome":1,"ErrorMessage":null,"ErrorStackTrace":null,"DisplayName":"CrakingTheCodeInterview.Test.Chapter_1___Arrays_and_String.Question1.Solution2BoolList(test: OnlyUniqueCharactersTestInput { ExpectedResult = True, InputText = \"fabio\", Name = \"Basic positive\" })","Messages":[],"ComputerName":"DESKTOP-D2C4O03","Duration":"00:00:00.0002144","StartTime":"2021-09-28T03:31:40.6888913+00:00","EndTime":"2021-09-28T03:31:40.6888919+00:00","Properties":[]},{"TestCase":{"Id":"0e8c772c-4719-d97c-dace-f19fef8c0823","FullyQualifiedName":"CrakingTheCodeInterview.Test.Chapter_1___Arrays_and_String.Question1.Solution2BoolList","DisplayName":"CrakingTheCodeInterview.Test.Chapter_1___Arrays_and_String.Question1.Solution2BoolList","ExecutorUri":"executor://xunit/VsTestRunner2/netcoreapp","Source":"C:\\Users\\isabe\\source\\repos\\CrackingTheCodeInterview\\CrakingTheCodeInterview.Test\\bin\\Debug\\net5.0\\fine-code-coverage\\build-output\\CrakingTheCodeInterview.Test.dll","CodeFilePath":null,"LineNumber":0,"Properties":[]},"Attachments":[],"Outcome":1,"ErrorMessage":null,"ErrorStackTrace":null,"DisplayName":"CrakingTheCodeInterview.Test.Chapter_1___Arrays_and_String.Question1.Solution2BoolList(test: OnlyUniqueCharactersTestInput { ExpectedResult = False, InputText = \"sandra\", Name = \"Basic negative\" })","Messages":[],"ComputerName":"DESKTOP-D2C4O03","Duration":"00:00:00.0000100","StartTime":"2021-09-28T03:31:40.6893874+00:00","EndTime":"2021-09-28T03:31:40.6893878+00:00","Properties":[]},{"TestCase":{"Id":"0e8c772c-4719-d97c-dace-f19fef8c0823","FullyQualifiedName":"CrakingTheCodeInterview.Test.Chapter_1___Arrays_and_String.Question1.Solution2BoolList","DisplayName":"CrakingTheCodeInterview.Test.Chapter_1___Arrays_and_String.Question1.Solution2BoolList","ExecutorUri":"executor://xunit/VsTestRunner2/netcoreapp","Source":"C:\\Users\\isabe\\source\\repos\\CrackingTheCodeInterview\\CrakingTheCodeInterview.Test\\bin\\Debug\\net5.0\\fine-code-coverage\\build-output\\CrakingTheCodeInterview.Test.dll","CodeFilePath":null,"LineNumber":0,"Properties":[]},"Attachments":[],"Outcome":1,"ErrorMessage":null,"ErrorStackTrace":null,"DisplayName":"CrakingTheCodeInterview.Test.Chapter_1___Arrays_and_String.Question1.Solution2BoolList(test: OnlyUniqueCharactersTestInput { ExpectedResult = True, InputText = \"isabelLA\", Name = \"Case sensitive\" })","Messages":[],"ComputerName":"DESKTOP-D2C4O03","Duration":"00:00:00.0000071","StartTime":"2021-09-28T03:31:40.6894947+00:00","EndTime":"2021-09-28T03:31:40.689495+00:00","Properties":[]}],"TestRunStatistics":{"ExecutedTests":17,"Stats":{"Passed":17}},"ActiveTests":[]}}
TpTrace Verbose: 0 : 24632, 14, 2021/09/28, 00:31:40.691, 472045558346, vstest.console.dll, TestRunRequest:SendTestRunStatsChange: Starting.
TpTrace Information: 0 : 24632, 14, 2021/09/28, 00:31:40.691, 472045559000, vstest.console.dll, TestRunRequest:SendTestRunStatsChange: Completed.
TpTrace Verbose: 0 : 24632, 14, 2021/09/28, 00:31:40.691, 472045559193, vstest.console.dll, TcpClientExtensions.MessageLoopAsync: Polling on remoteEndPoint: 127.0.0.1:58317 localEndPoint: 127.0.0.1:58316
TpTrace Verbose: 0 : 24632, 14, 2021/09/28, 00:31:40.698, 472045629682, vstest.console.dll, TcpClientExtensions.MessageLoopAsync: NotifyDataAvailable remoteEndPoint: 127.0.0.1:58317 localEndPoint: 127.0.0.1:58316
TpTrace Verbose: 0 : 24632, 14, 2021/09/28, 00:31:40.698, 472045630215, vstest.console.dll, TestRequestSender.OnExecutionMessageReceived: Received message: {"Version":5,"MessageType":"TestSession.Message","Payload":{"MessageLevel":0,"Message":"[xUnit.net 00:01:14.84]   Finished:    CrakingTheCodeInterview.Test"}}
TpTrace Verbose: 0 : 24632, 14, 2021/09/28, 00:31:40.698, 472045630870, vstest.console.dll, TestRunRequest:SendTestRunMessage: Starting.
TpTrace Information: 0 : 24632, 14, 2021/09/28, 00:31:40.698, 472045631164, vstest.console.dll, TestRunRequest:SendTestRunMessage: Completed.
TpTrace Verbose: 0 : 24632, 14, 2021/09/28, 00:31:40.698, 472045631372, vstest.console.dll, TcpClientExtensions.MessageLoopAsync: Polling on remoteEndPoint: 127.0.0.1:58317 localEndPoint: 127.0.0.1:58316
TpTrace Verbose: 0 : 24632, 14, 2021/09/28, 00:31:40.707, 472045719602, vstest.console.dll, TcpClientExtensions.MessageLoopAsync: NotifyDataAvailable remoteEndPoint: 127.0.0.1:58317 localEndPoint: 127.0.0.1:58316
TpTrace Verbose: 0 : 24632, 14, 2021/09/28, 00:31:40.707, 472045720499, vstest.console.dll, TestRequestSender.OnExecutionMessageReceived: Received message: {"Version":5,"MessageType":"TestExecution.Completed","Payload":{"TestRunCompleteArgs":{"TestRunStatistics":{"ExecutedTests":21,"Stats":{"Passed":21}},"IsCanceled":false,"IsAborted":false,"Error":null,"AttachmentSets":[],"ElapsedTimeInRunningTests":"00:01:14.8514677","Metrics":{}},"LastRunTests":{"NewTestResults":[{"TestCase":{"Id":"0e8c772c-4719-d97c-dace-f19fef8c0823","FullyQualifiedName":"CrakingTheCodeInterview.Test.Chapter_1___Arrays_and_String.Question1.Solution2BoolList","DisplayName":"CrakingTheCodeInterview.Test.Chapter_1___Arrays_and_String.Question1.Solution2BoolList","ExecutorUri":"executor://xunit/VsTestRunner2/netcoreapp","Source":"C:\\Users\\isabe\\source\\repos\\CrackingTheCodeInterview\\CrakingTheCodeInterview.Test\\bin\\Debug\\net5.0\\fine-code-coverage\\build-output\\CrakingTheCodeInterview.Test.dll","CodeFilePath":null,"LineNumber":0,"Properties":[]},"Attachments":[],"Outcome":1,"ErrorMessage":null,"ErrorStackTrace":null,"DisplayName":"CrakingTheCodeInterview.Test.Chapter_1___Arrays_and_String.Question1.Solution2BoolList(test: OnlyUniqueCharactersTestInput { ExpectedResult = True, InputText = \"\", Name = \"Empty\" })","Messages":[],"ComputerName":"DESKTOP-D2C4O03","Duration":"00:00:00.0000068","StartTime":"2021-09-28T03:31:40.690088+00:00","EndTime":"2021-09-28T03:31:40.6900884+00:00","Properties":[]},{"TestCase":{"Id":"0e8c772c-4719-d97c-dace-f19fef8c0823","FullyQualifiedName":"CrakingTheCodeInterview.Test.Chapter_1___Arrays_and_String.Question1.Solution2BoolList","DisplayName":"CrakingTheCodeInterview.Test.Chapter_1___Arrays_and_String.Question1.Solution2BoolList","ExecutorUri":"executor://xunit/VsTestRunner2/netcoreapp","Source":"C:\\Users\\isabe\\source\\repos\\CrackingTheCodeInterview\\CrakingTheCodeInterview.Test\\bin\\Debug\\net5.0\\fine-code-coverage\\build-output\\CrakingTheCodeInterview.Test.dll","CodeFilePath":null,"LineNumber":0,"Properties":[]},"Attachments":[],"Outcome":1,"ErrorMessage":null,"ErrorStackTrace":null,"DisplayName":"CrakingTheCodeInterview.Test.Chapter_1___Arrays_and_String.Question1.Solution2BoolList(test: OnlyUniqueCharactersTestInput { ExpectedResult = False, InputText = \"\\x01\\x02\\x03\\x04\\x05\\x06\\a\\b\\t\\n\\v\\f\\r\\x0e\\x0f\\x10\"..., Name = \"Max size\" })","Messages":[],"ComputerName":"DESKTOP-D2C4O03","Duration":"00:00:00.0000017","StartTime":"2021-09-28T03:31:40.690202+00:00","EndTime":"2021-09-28T03:31:40.6902023+00:00","Properties":[]},{"TestCase":{"Id":"0e8c772c-4719-d97c-dace-f19fef8c0823","FullyQualifiedName":"CrakingTheCodeInterview.Test.Chapter_1___Arrays_and_String.Question1.Solution2BoolList","DisplayName":"CrakingTheCodeInterview.Test.Chapter_1___Arrays_and_String.Question1.Solution2BoolList","ExecutorUri":"executor://xunit/VsTestRunner2/netcoreapp","Source":"C:\\Users\\isabe\\source\\repos\\CrackingTheCodeInterview\\CrakingTheCodeInterview.Test\\bin\\Debug\\net5.0\\fine-code-coverage\\build-output\\CrakingTheCodeInterview.Test.dll","CodeFilePath":null,"LineNumber":0,"Properties":[]},"Attachments":[],"Outcome":1,"ErrorMessage":null,"ErrorStackTrace":null,"DisplayName":"CrakingTheCodeInterview.Test.Chapter_1___Arrays_and_String.Question1.Solution2BoolList(test: OnlyUniqueCharactersTestInput { ExpectedResult = True, InputText = \"\\x01\\x02\\x03\\x04\\x05\\x06\\a\\b\\t\\n\\v\\f\\r\\x0e\\x0f\\x10\"..., Name = \"Stress true\" })","Messages":[],"ComputerName":"DESKTOP-D2C4O03","Duration":"00:00:00.0028580","StartTime":"2021-09-28T03:31:40.6918263+00:00","EndTime":"2021-09-28T03:31:40.6918275+00:00","Properties":[]},{"TestCase":{"Id":"0e8c772c-4719-d97c-dace-f19fef8c0823","FullyQualifiedName":"CrakingTheCodeInterview.Test.Chapter_1___Arrays_and_String.Question1.Solution2BoolList","DisplayName":"CrakingTheCodeInterview.Test.Chapter_1___Arrays_and_String.Question1.Solution2BoolList","ExecutorUri":"executor://xunit/VsTestRunner2/netcoreapp","Source":"C:\\Users\\isabe\\source\\repos\\CrackingTheCodeInterview\\CrakingTheCodeInterview.Test\\bin\\Debug\\net5.0\\fine-code-coverage\\build-output\\CrakingTheCodeInterview.Test.dll","CodeFilePath":null,"LineNumber":0,"Properties":[]},"Attachments":[],"Outcome":1,"ErrorMessage":null,"ErrorStackTrace":null,"DisplayName":"CrakingTheCodeInterview.Test.Chapter_1___Arrays_and_String.Question1.Solution2BoolList(test: OnlyUniqueCharactersTestInput { ExpectedResult = False, InputText = \"\\x01\\x02\\x03\\x04\\x05\\x06\\a\\b\\t\\n\\v\\f\\r\\x0e\\x0f\\x10\"..., Name = \"Stress false\" })","Messages":[],"ComputerName":"DESKTOP-D2C4O03","Duration":"00:00:00.0028478","StartTime":"2021-09-28T03:31:40.6946866+00:00","EndTime":"2021-09-28T03:31:40.6946873+00:00","Properties":[]}],"TestRunStatistics":{"ExecutedTests":21,"Stats":{"Passed":21}},"ActiveTests":[]},"RunAttachments":[],"ExecutorUris":["executor://xunit/VsTestRunner2/netcoreapp"]}}
TpTrace Verbose: 0 : 24632, 14, 2021/09/28, 00:31:40.708, 472045722619, vstest.console.dll, TestRequestSender.EndSession: Sending end session.
TpTrace Verbose: 0 : 24632, 14, 2021/09/28, 00:31:40.708, 472045723526, vstest.console.dll, ProxyOperationManager.Close: waiting for test host to exit for 100 ms
TpTrace Warning: 0 : 24632, 10, 2021/09/28, 00:31:40.724, 472045891346, vstest.console.dll, TestHostManagerCallbacks.ErrorReceivedCallback Test host standard error line: 
TpTrace Verbose: 0 : 24632, 7, 2021/09/28, 00:31:40.732, 472045962835, vstest.console.dll, TestHostProvider.ExitCallBack: Host exited starting callback.
TpTrace Information: 0 : 24632, 7, 2021/09/28, 00:31:40.732, 472045967315, vstest.console.dll, TestHostManagerCallbacks.ExitCallBack: Testhost processId: 18668 exited with exitcode: 0 error: ''
TpTrace Verbose: 0 : 24632, 7, 2021/09/28, 00:31:40.732, 472045967705, vstest.console.dll, DotnetTestHostManager.OnHostExited: invoking OnHostExited callback
TpTrace Verbose: 0 : 24632, 7, 2021/09/28, 00:31:40.732, 472045968127, vstest.console.dll, CrossPlatEngine.TestHostManagerHostExited: calling on client process exit callback.
TpTrace Information: 0 : 24632, 7, 2021/09/28, 00:31:40.732, 472045968491, vstest.console.dll, TestRequestSender.OnClientProcessExit: Test host process exited. Standard error: 
TpTrace Information: 0 : 24632, 7, 2021/09/28, 00:31:40.732, 472045968750, vstest.console.dll, SocketServer.Stop: Stop server endPoint: 127.0.0.1:58316
TpTrace Warning: 0 : 24632, 14, 2021/09/28, 00:31:40.732, 472045968703, vstest.console.dll, ProxyOperationManager: Timed out waiting for test host to exit. Will terminate process.
TpTrace Information: 0 : 24632, 7, 2021/09/28, 00:31:40.732, 472045968910, vstest.console.dll, SocketServer.Stop: Cancellation requested. Stopping message loop.
TpTrace Verbose: 0 : 24632, 14, 2021/09/28, 00:31:40.733, 472045974661, vstest.console.dll, ProxyDataCollectionManager.InvokeDataCollectionServiceAction: Starting.
TpTrace Information: 0 : 24632, 14, 2021/09/28, 00:31:40.733, 472045975029, vstest.console.dll, ProxyDataCollectionManager.AfterTestRunEnd: Get attachment set for datacollector processId: 18524 port: 58313
TpTrace Verbose: 0 : 24632, 14, 2021/09/28, 00:31:40.733, 472045975382, vstest.console.dll, DataCollectionRequestSender.SendAfterTestRunStartAndGetResult : Send AfterTestRunEnd message with isCancelled: False
TpTrace Verbose: 0 : 24632, 14, 2021/09/28, 00:31:40.736, 472046004853, vstest.console.dll, DataCollectionRequestSender.SendAfterTestRunStartAndGetResult : Received message: (DataCollection.AfterTestRunEndResult) -> {
  "AttachmentSets": [],
  "Metrics": {}
}
TpTrace Information: 0 : 24632, 14, 2021/09/28, 00:31:40.738, 472046028595, vstest.console.dll, ProxyDataCollectionManager.InvokeDataCollectionServiceAction: Completed.
TpTrace Warning: 0 : 24632, 9, 2021/09/28, 00:31:40.740, 472046047193, vstest.console.dll, DataCollectionLauncher.ErrorReceivedCallback datacollector standard error line: 
TpTrace Information: 0 : 24632, 7, 2021/09/28, 00:31:40.744, 472046082478, vstest.console.dll, DataCollectionLauncher.ExitCallBack: Data collector exited with exitcode: 0 error: ''
TpTrace Verbose: 0 : 24632, 14, 2021/09/28, 00:31:40.756, 472046205882, vstest.console.dll, TestRunRequest:SendTestRunStatsChange: Starting.
TpTrace Information: 0 : 24632, 14, 2021/09/28, 00:31:40.756, 472046206780, vstest.console.dll, TestRunRequest:SendTestRunStatsChange: Completed.
TpTrace Verbose: 0 : 24632, 14, 2021/09/28, 00:31:40.756, 472046208057, vstest.console.dll, ParallelProxyExecutionManager: HandlePartialRunComplete: Total completed clients = 1, Run complete = True, Run canceled: False.
TpTrace Verbose: 0 : 24632, 14, 2021/09/28, 00:31:40.771, 472046360112, vstest.console.dll, TestRunRequest:TestRunComplete: Starting. IsAborted:False IsCanceled:False.
TpTrace Verbose: 0 : 24632, 14, 2021/09/28, 00:31:40.771, 472046361318, vstest.console.dll, TestLoggerManager.HandleTestRunComplete: Ignoring as the object is disposed.
TpTrace Information: 0 : 24632, 14, 2021/09/28, 00:31:40.772, 472046362969, vstest.console.dll, TestRunRequest:TestRunComplete: Completed.
TpTrace Verbose: 0 : 24632, 1, 2021/09/28, 00:31:40.772, 472046363310, vstest.console.dll, TestRunRequest.Dispose: Starting.
TpTrace Verbose: 0 : 24632, 14, 2021/09/28, 00:31:40.772, 472046363531, vstest.console.dll, TestRequestSender.SetOperationComplete: Setting operation complete.
TpTrace Information: 0 : 24632, 1, 2021/09/28, 00:31:40.772, 472046364170, vstest.console.dll, TestRunRequest.Dispose: Completed.
TpTrace Information: 0 : 24632, 14, 2021/09/28, 00:31:40.772, 472046364534, vstest.console.dll, SocketServer.Stop: Stop server endPoint: 127.0.0.1:58316
TpTrace Information: 0 : 24632, 1, 2021/09/28, 00:31:40.772, 472046364792, vstest.console.dll, TestRequestManager.RunTests: run tests completed.
TpTrace Information: 0 : 24632, 14, 2021/09/28, 00:31:40.772, 472046364883, vstest.console.dll, SocketServer.Stop: Cancellation requested. Stopping message loop.
TpTrace Information: 0 : 24632, 14, 2021/09/28, 00:31:40.772, 472046365351, vstest.console.dll, SocketServer.PrivateStop: Stop server endPoint: 127.0.0.1:58316 error: 
TpTrace Information: 0 : 24632, 1, 2021/09/28, 00:31:40.772, 472046365378, vstest.console.dll, RunTestsArgumentProcessor:Execute: Test run is completed.
TpTrace Verbose: 0 : 24632, 1, 2021/09/28, 00:31:40.772, 472046367071, vstest.console.dll, Executor.Execute: Exiting with exit code of 0
TpTrace Verbose: 0 : 24632, 14, 2021/09/28, 00:31:40.772, 472046369266, vstest.console.dll, LengthPrefixCommunicationChannel.Dispose: Dispose reader and writer.
TpTrace Information: 0 : 24632, 14, 2021/09/28, 00:31:40.772, 472046369791, vstest.console.dll, SocketServer.Stop: Raise disconnected event endPoint: 127.0.0.1:58316 error: 
TpTrace Verbose: 0 : 24632, 14, 2021/09/28, 00:31:40.772, 472046370141, vstest.console.dll, TestRequestSender: OnTestRunAbort: Operation is already complete. Skip error message.
TpTrace Verbose: 0 : 24632, 14, 2021/09/28, 00:31:40.772, 472046370318, vstest.console.dll, TcpClientExtensions.MessageLoopAsync: exiting MessageLoopAsync remoteEndPoint: 127.0.0.1:58317 localEndPoint: 127.0.0.1:58316
